Using pre-set license
Built from '2021.3/staging' branch; Version is '2021.3.18f1 (3129e69bc0c7) revision 3221990'; Using compiler version '192829333'; Build Type 'Release'
OS: 'Windows 11  (10.0.22621) 64bit Core' Language: 'en' Physical Memory: 49068 MB
BatchMode: 1, IsHumanControllingUs: 0, StartBugReporterOnCrash: 0, Is64bit: 1, IsPro: 1

COMMAND LINE ARGUMENTS:
C:\Program Files\Unity\Hub\Editor\2019.4.16f1\Editor\2021.3.18f1\Editor\Unity.exe
-adb2
-batchMode
-noUpm
-name
AssetImportWorker2
-projectPath
C:/Users/wanye/source/VR-Engineering/Project 3 - Interaction
-logFile
Logs/AssetImportWorker2.log
-srvPort
63101
Successfully changed project path to: C:/Users/wanye/source/VR-Engineering/Project 3 - Interaction
C:/Users/wanye/source/VR-Engineering/Project 3 - Interaction
[UnityMemory] Configuration Parameters - Can be set up in boot.config
    "memorysetup-bucket-allocator-granularity=16"
    "memorysetup-bucket-allocator-bucket-count=8"
    "memorysetup-bucket-allocator-block-size=33554432"
    "memorysetup-bucket-allocator-block-count=8"
    "memorysetup-main-allocator-block-size=16777216"
    "memorysetup-thread-allocator-block-size=16777216"
    "memorysetup-gfx-main-allocator-block-size=16777216"
    "memorysetup-gfx-thread-allocator-block-size=16777216"
    "memorysetup-cache-allocator-block-size=4194304"
    "memorysetup-typetree-allocator-block-size=2097152"
    "memorysetup-profiler-bucket-allocator-granularity=16"
    "memorysetup-profiler-bucket-allocator-bucket-count=8"
    "memorysetup-profiler-bucket-allocator-block-size=33554432"
    "memorysetup-profiler-bucket-allocator-block-count=8"
    "memorysetup-profiler-allocator-block-size=16777216"
    "memorysetup-profiler-editor-allocator-block-size=1048576"
    "memorysetup-temp-allocator-size-main=16777216"
    "memorysetup-job-temp-allocator-block-size=2097152"
    "memorysetup-job-temp-allocator-block-size-background=1048576"
    "memorysetup-job-temp-allocator-reduction-small-platforms=262144"
    "memorysetup-temp-allocator-size-background-worker=32768"
    "memorysetup-temp-allocator-size-job-worker=262144"
    "memorysetup-temp-allocator-size-preload-manager=33554432"
    "memorysetup-temp-allocator-size-nav-mesh-worker=65536"
    "memorysetup-temp-allocator-size-audio-worker=65536"
    "memorysetup-temp-allocator-size-cloud-worker=32768"
    "memorysetup-temp-allocator-size-gi-baking-worker=262144"
    "memorysetup-temp-allocator-size-gfx=262144"
Player connection [3688] Host "[IP] 10.127.16.58 [Port] 0 [Flags] 2 [Guid] 449258917 [EditorId] 449258917 [Version] 1048832 [Id] WindowsEditor(7,Wanyea-DESKTOP) [Debug] 1 [PackageName] WindowsEditor [ProjectName] Editor" joined multi-casting on [225.0.0.222:54997]...

Player connection [3688] Host "[IP] 10.127.16.58 [Port] 0 [Flags] 2 [Guid] 449258917 [EditorId] 449258917 [Version] 1048832 [Id] WindowsEditor(7,Wanyea-DESKTOP) [Debug] 1 [PackageName] WindowsEditor [ProjectName] Editor" joined alternative multi-casting on [225.0.0.222:34997]...

Refreshing native plugins compatible for Editor in 149.79 ms, found 7 plugins.
Preloading 1 native plugins for Editor in 0.50 ms.
Initialize engine version: 2021.3.18f1 (3129e69bc0c7)
[Subsystems] Discovering subsystems at path C:/Program Files/Unity/Hub/Editor/2019.4.16f1/Editor/2021.3.18f1/Editor/Data/Resources/UnitySubsystems
[Subsystems] Discovering subsystems at path C:/Users/wanye/source/VR-Engineering/Project 3 - Interaction/Assets
GfxDevice: creating device client; threaded=0; jobified=0
Direct3D:
    Version:  Direct3D 11.0 [level 11.1]
    Renderer: Radeon RX 580 Series (ID=0x67df)
    Vendor:   ATI
    VRAM:     8170 MB
    Driver:   31.0.12029.7019
Shader 'Oculus/OVRMRCameraFrameLit': fallback shader 'Alpha-Diffuse' not found
Initialize mono
Mono path[0] = 'C:/Program Files/Unity/Hub/Editor/2019.4.16f1/Editor/2021.3.18f1/Editor/Data/Managed'
Mono path[1] = 'C:/Program Files/Unity/Hub/Editor/2019.4.16f1/Editor/2021.3.18f1/Editor/Data/MonoBleedingEdge/lib/mono/unityjit-win32'
Mono config path = 'C:/Program Files/Unity/Hub/Editor/2019.4.16f1/Editor/2021.3.18f1/Editor/Data/MonoBleedingEdge/etc'
Using monoOptions --debugger-agent=transport=dt_socket,embedding=1,server=y,suspend=n,address=127.0.0.1:56776
Begin MonoManager ReloadAssembly
Registering precompiled unity dll's ...
Register platform support module: C:/Program Files/Unity/Hub/Editor/2019.4.16f1/Editor/2021.3.18f1/Editor/Data/PlaybackEngines/AndroidPlayer/UnityEditor.Android.Extensions.dll
Register platform support module: C:/Program Files/Unity/Hub/Editor/2019.4.16f1/Editor/2021.3.18f1/Editor/Data/PlaybackEngines/WindowsStandaloneSupport/UnityEditor.WindowsStandalone.Extensions.dll
Registered in 0.005441 seconds.
Native extension for WindowsStandalone target not found
Native extension for Android target not found
Android Extension - Scanning For ADB Devices 221 ms
Refreshing native plugins compatible for Editor in 144.21 ms, found 7 plugins.
Preloading 1 native plugins for Editor in 0.10 ms.
Mono: successfully reloaded assembly
- Completed reload, in  0.878 seconds
Domain Reload Profiling:
	ReloadAssembly (878ms)
		BeginReloadAssembly (66ms)
			ExecutionOrderSort (0ms)
			DisableScriptedObjects (0ms)
			BackupInstance (0ms)
			ReleaseScriptingObjects (0ms)
			CreateAndSetChildDomain (1ms)
		EndReloadAssembly (712ms)
			LoadAssemblies (65ms)
			RebuildTransferFunctionScriptingTraits (0ms)
			SetupTypeCache (95ms)
			ReleaseScriptCaches (0ms)
			RebuildScriptCaches (24ms)
			SetupLoadedEditorAssemblies (549ms)
				LogAssemblyErrors (0ms)
				InitializePlatformSupportModulesInManaged (291ms)
				SetLoadedEditorAssemblies (0ms)
				RefreshPlugins (144ms)
				BeforeProcessingInitializeOnLoad (1ms)
				ProcessInitializeOnLoadAttributes (76ms)
				ProcessInitializeOnLoadMethodAttributes (36ms)
				AfterProcessingInitializeOnLoad (0ms)
				EditorAssembliesLoaded (0ms)
			ExecutionOrderSort2 (0ms)
			AwakeInstancesAfterBackupRestoration (0ms)
Platform modules already initialized, skipping
Registering precompiled user dll's ...
Registered in 0.004844 seconds.
Begin MonoManager ReloadAssembly
OnLevelWasLoaded was found on WitService
This message has been deprecated and will be removed in a later version of Unity.
Add a delegate to SceneManager.sceneLoaded instead to get notifications after scene loading has completed
Native extension for WindowsStandalone target not found
Native extension for Android target not found
Refreshing native plugins compatible for Editor in 1.22 ms, found 7 plugins.
Preloading 1 native plugins for Editor in 0.10 ms.
Package Manager log level set to [2]
Mono: successfully reloaded assembly
- Completed reload, in  1.136 seconds
Domain Reload Profiling:
	ReloadAssembly (1137ms)
		BeginReloadAssembly (88ms)
			ExecutionOrderSort (0ms)
			DisableScriptedObjects (5ms)
			BackupInstance (0ms)
			ReleaseScriptingObjects (0ms)
			CreateAndSetChildDomain (17ms)
		EndReloadAssembly (931ms)
			LoadAssemblies (74ms)
			RebuildTransferFunctionScriptingTraits (0ms)
			SetupTypeCache (319ms)
			ReleaseScriptCaches (1ms)
			RebuildScriptCaches (67ms)
			SetupLoadedEditorAssemblies (381ms)
				LogAssemblyErrors (0ms)
				InitializePlatformSupportModulesInManaged (15ms)
				SetLoadedEditorAssemblies (0ms)
				RefreshPlugins (1ms)
				BeforeProcessingInitializeOnLoad (91ms)
				ProcessInitializeOnLoadAttributes (254ms)
				ProcessInitializeOnLoadMethodAttributes (15ms)
				AfterProcessingInitializeOnLoad (5ms)
				EditorAssembliesLoaded (0ms)
			ExecutionOrderSort2 (0ms)
			AwakeInstancesAfterBackupRestoration (5ms)
Platform modules already initialized, skipping
========================================================================
Worker process is ready to serve import requests
Shader 'Oculus/OVRMRCameraFrameLit': fallback shader 'Alpha-Diffuse' not found
Launched and connected shader compiler UnityShaderCompiler.exe after 0.04 seconds
Refreshing native plugins compatible for Editor in 1.17 ms, found 7 plugins.
Preloading 1 native plugins for Editor in 0.06 ms.
Unloading 4539 Unused Serialized files (Serialized files now loaded: 0)
Unloading 55 unused Assets / (192.6 KB). Loaded Objects now: 4975.
Memory consumption went from 166.6 MB to 166.4 MB.
Total: 3.372800 ms (FindLiveObjects: 0.450500 ms CreateObjectMapping: 0.127000 ms MarkObjects: 2.622100 ms  DeleteObjects: 0.172200 ms)

AssetImportParameters requested are different than current active one (requested -> active):
  custom:video-decoder-ogg-theora: a1e56fd34408186e4bbccfd4996cb3dc -> 
  custom:container-muxer-webm: aa71ff27fc2769a1b78a27578f13a17b -> 
  custom:container-demuxer-webm: 4f35f7cbe854078d1ac9338744f61a02 -> 
  custom:video-encoder-webm-vp8: eb34c28f22e8b96e1ab97ce403110664 -> 
  custom:audio-encoder-webm-vorbis: bf7c407c2cedff20999df2af8eb42d56 -> 
  custom:framework-win-MediaFoundation: 216162199b28c13a410421893ffa2e32 -> 
  custom:container-demuxer-ogg: 62fdf1f143b41e24485cea50d1cbac27 -> 
  custom:video-decoder-webm-vp8: 9c59270c3fd7afecdb556c50c9e8de78 -> 
  custom:audio-decoder-ogg-vorbis: bf7c407c2cedff20999df2af8eb42d56 -> 
========================================================================
Received Import Request.
  Time since last request: 1015063.828151 seconds.
  path: Assets/ScifiOfficeLite/Prefabs/Chairs and Stools
  artifactKey: Guid(59e77c7ff6c7c9e47ae54363176204bf) Importer(815301076,1909f56bfc062723c751e8b465ee728b)
Start importing Assets/ScifiOfficeLite/Prefabs/Chairs and Stools using Guid(59e77c7ff6c7c9e47ae54363176204bf) Importer(815301076,1909f56bfc062723c751e8b465ee728b)  -> (artifact id: '619651bd9154bf8206b4d2c3bcd699d4') in 0.013379 seconds 
========================================================================
Received Import Request.
  Time since last request: 0.031543 seconds.
  path: Assets/ScifiOfficeLite/Prefabs/Chairs and Stools/Office Chair Variant.prefab
  artifactKey: Guid(e302621f2616c4042b0c4be3f63ea422) Importer(815301076,1909f56bfc062723c751e8b465ee728b)
Start importing Assets/ScifiOfficeLite/Prefabs/Chairs and Stools/Office Chair Variant.prefab using Guid(e302621f2616c4042b0c4be3f63ea422) Importer(815301076,1909f56bfc062723c751e8b465ee728b)  -> (artifact id: 'c0e64ea4ab2c4f53d2da4e81a9ebc76f') in 0.136388 seconds 
========================================================================
Received Import Request.
  Time since last request: 1.068654 seconds.
  path: Assets/ScifiOfficeLite/Prefabs/Doors
  artifactKey: Guid(dc22d4dc82d9b1e4a9e40980fe64d365) Importer(815301076,1909f56bfc062723c751e8b465ee728b)
Start importing Assets/ScifiOfficeLite/Prefabs/Doors using Guid(dc22d4dc82d9b1e4a9e40980fe64d365) Importer(815301076,1909f56bfc062723c751e8b465ee728b)  -> (artifact id: '028c148763c8c24890be086d8d57fd87') in 0.005857 seconds 
========================================================================
Received Import Request.
  Time since last request: 0.037567 seconds.
  path: Assets/ScifiOfficeLite/Prefabs/Doors/Broken Door.prefab
  artifactKey: Guid(8b2ed08f82f4cea41907e2cf2f8938c5) Importer(815301076,1909f56bfc062723c751e8b465ee728b)
Start importing Assets/ScifiOfficeLite/Prefabs/Doors/Broken Door.prefab using Guid(8b2ed08f82f4cea41907e2cf2f8938c5) Importer(815301076,1909f56bfc062723c751e8b465ee728b)  -> (artifact id: '13a52e28ae6a716bedc96b04e04e7f07') in 0.281552 seconds 
========================================================================
Received Import Request.
  Time since last request: 2.332959 seconds.
  path: Assets/ScifiOfficeLite/Prefabs/Lighting
  artifactKey: Guid(b876242c9588755499b2edb9d2ff2381) Importer(815301076,1909f56bfc062723c751e8b465ee728b)
Start importing Assets/ScifiOfficeLite/Prefabs/Lighting using Guid(b876242c9588755499b2edb9d2ff2381) Importer(815301076,1909f56bfc062723c751e8b465ee728b)  -> (artifact id: '7085d89a445b03acded08efc1dd4e5d3') in 0.006022 seconds 
========================================================================
Received Import Request.
  Time since last request: 4.565522 seconds.
  path: Assets/ScifiOfficeLite/Prefabs/Tech Accessories
  artifactKey: Guid(471d7a51e48b6f444809f36497e0ba67) Importer(815301076,1909f56bfc062723c751e8b465ee728b)
Start importing Assets/ScifiOfficeLite/Prefabs/Tech Accessories using Guid(471d7a51e48b6f444809f36497e0ba67) Importer(815301076,1909f56bfc062723c751e8b465ee728b)  -> (artifact id: 'e077a6b0bc1e1d02d253e4425b377f3b') in 0.005787 seconds 
========================================================================
Received Import Request.
  Time since last request: 0.055266 seconds.
  path: Assets/ScifiOfficeLite/Prefabs/Tech Accessories/Mechanical arm 1 Variant.prefab
  artifactKey: Guid(eaf9a67de8e9dd640a36a34bbe5c59cd) Importer(815301076,1909f56bfc062723c751e8b465ee728b)
Start importing Assets/ScifiOfficeLite/Prefabs/Tech Accessories/Mechanical arm 1 Variant.prefab using Guid(eaf9a67de8e9dd640a36a34bbe5c59cd) Importer(815301076,1909f56bfc062723c751e8b465ee728b)  -> (artifact id: 'c482446406673be947b0ff3696315169') in 0.033185 seconds 
========================================================================
Received Import Request.
  Time since last request: 0.000026 seconds.
  path: Assets/ScifiOfficeLite/Prefabs/Tech Accessories/PC 2.prefab
  artifactKey: Guid(f9a1a5c1a73edba4e8a191866f65123e) Importer(815301076,1909f56bfc062723c751e8b465ee728b)
Start importing Assets/ScifiOfficeLite/Prefabs/Tech Accessories/PC 2.prefab using Guid(f9a1a5c1a73edba4e8a191866f65123e) Importer(815301076,1909f56bfc062723c751e8b465ee728b)  -> (artifact id: 'ca1de0215987e2c93436b1877b20657e') in 0.029036 seconds 
========================================================================
Received Import Request.
  Time since last request: 4.846379 seconds.
  path: Assets/ScifiOfficeLite/Prefabs/TVs
  artifactKey: Guid(980198049a5d1ff45b95b1643908cef3) Importer(815301076,1909f56bfc062723c751e8b465ee728b)
Start importing Assets/ScifiOfficeLite/Prefabs/TVs using Guid(980198049a5d1ff45b95b1643908cef3) Importer(815301076,1909f56bfc062723c751e8b465ee728b)  -> (artifact id: '336e65291e700e87237640e4d63d27a3') in 0.005560 seconds 
========================================================================
Received Import Request.
  Time since last request: 0.054864 seconds.
  path: Assets/ScifiOfficeLite/Prefabs/TVs/Tv 32 Inch.prefab
  artifactKey: Guid(fe19f183652f0434dba515f0a67f32fe) Importer(815301076,1909f56bfc062723c751e8b465ee728b)
Start importing Assets/ScifiOfficeLite/Prefabs/TVs/Tv 32 Inch.prefab using Guid(fe19f183652f0434dba515f0a67f32fe) Importer(815301076,1909f56bfc062723c751e8b465ee728b)  -> (artifact id: '09d5ac917caa7378a1527532811801fe') in 0.018943 seconds 
========================================================================
Received Import Request.
  Time since last request: 325.570901 seconds.
  path: Assets/ScifiOfficeLite/Scene/Demo.unity
  artifactKey: Guid(98f89f3b6ce2800479ea621b4ad1bad1) Importer(815301076,1909f56bfc062723c751e8b465ee728b)
Start importing Assets/ScifiOfficeLite/Scene/Demo.unity using Guid(98f89f3b6ce2800479ea621b4ad1bad1) Importer(815301076,1909f56bfc062723c751e8b465ee728b)  -> (artifact id: 'b27b1cb31b5a50006646292b25660e8b') in 0.001959 seconds 
========================================================================
Received Prepare
Registering precompiled user dll's ...
Registered in 0.006048 seconds.
Begin MonoManager ReloadAssembly
Native extension for WindowsStandalone target not found
Native extension for Android target not found
Refreshing native plugins compatible for Editor in 1.23 ms, found 7 plugins.
Preloading 1 native plugins for Editor in 0.10 ms.
[Package Manager] Server::EnsureServerProcessIsRunning -- launch failed, reason: Unity was launched with the -noUpm command-line argument
[Package Manager] Cannot connect to Unity Package Manager local server
Mono: successfully reloaded assembly
- Completed reload, in  0.919 seconds
Domain Reload Profiling:
	ReloadAssembly (920ms)
		BeginReloadAssembly (118ms)
			ExecutionOrderSort (0ms)
			DisableScriptedObjects (3ms)
			BackupInstance (0ms)
			ReleaseScriptingObjects (0ms)
			CreateAndSetChildDomain (35ms)
		EndReloadAssembly (712ms)
			LoadAssemblies (75ms)
			RebuildTransferFunctionScriptingTraits (0ms)
			SetupTypeCache (249ms)
			ReleaseScriptCaches (1ms)
			RebuildScriptCaches (37ms)
			SetupLoadedEditorAssemblies (299ms)
				LogAssemblyErrors (0ms)
				InitializePlatformSupportModulesInManaged (19ms)
				SetLoadedEditorAssemblies (0ms)
				RefreshPlugins (1ms)
				BeforeProcessingInitializeOnLoad (62ms)
				ProcessInitializeOnLoadAttributes (197ms)
				ProcessInitializeOnLoadMethodAttributes (15ms)
				AfterProcessingInitializeOnLoad (5ms)
				EditorAssembliesLoaded (0ms)
			ExecutionOrderSort2 (0ms)
			AwakeInstancesAfterBackupRestoration (5ms)
Platform modules already initialized, skipping
OnLevelWasLoaded was found on WitService
This message has been deprecated and will be removed in a later version of Unity.
Add a delegate to SceneManager.sceneLoaded instead to get notifications after scene loading has completed
Shader 'Oculus/OVRMRCameraFrameLit': fallback shader 'Alpha-Diffuse' not found
Refreshing native plugins compatible for Editor in 4.95 ms, found 7 plugins.
Preloading 1 native plugins for Editor in 0.08 ms.
Unloading 4462 Unused Serialized files (Serialized files now loaded: 0)
Unloading 48 unused Assets / (167.2 KB). Loaded Objects now: 4987.
Memory consumption went from 163.7 MB to 163.5 MB.
Total: 3.424300 ms (FindLiveObjects: 0.438200 ms CreateObjectMapping: 0.119500 ms MarkObjects: 2.691100 ms  DeleteObjects: 0.173900 ms)

AssetImportParameters requested are different than current active one (requested -> active):
  custom:video-decoder-ogg-theora: a1e56fd34408186e4bbccfd4996cb3dc -> 
  custom:container-muxer-webm: aa71ff27fc2769a1b78a27578f13a17b -> 
  custom:container-demuxer-webm: 4f35f7cbe854078d1ac9338744f61a02 -> 
  custom:video-encoder-webm-vp8: eb34c28f22e8b96e1ab97ce403110664 -> 
  custom:audio-encoder-webm-vorbis: bf7c407c2cedff20999df2af8eb42d56 -> 
  custom:framework-win-MediaFoundation: 216162199b28c13a410421893ffa2e32 -> 
  custom:container-demuxer-ogg: 62fdf1f143b41e24485cea50d1cbac27 -> 
  custom:video-decoder-webm-vp8: 9c59270c3fd7afecdb556c50c9e8de78 -> 
  custom:audio-decoder-ogg-vorbis: bf7c407c2cedff20999df2af8eb42d56 -> 
========================================================================
Received Import Request.
  Time since last request: 81.498950 seconds.
  path: Assets/Models/Mugs
  artifactKey: Guid(cbf4748570cc4f54f8602ed3d0ff324d) Importer(815301076,1909f56bfc062723c751e8b465ee728b)
Start importing Assets/Models/Mugs using Guid(cbf4748570cc4f54f8602ed3d0ff324d) Importer(815301076,1909f56bfc062723c751e8b465ee728b)  -> (artifact id: '09a84639e5bfb37157149c1d8cbf0bb3') in 0.012764 seconds 
========================================================================
Received Import Request.
  Time since last request: 0.039702 seconds.
  path: Assets/Models/Mugs/Mug.prefab
  artifactKey: Guid(423906e3a82141942aa314fe7f592788) Importer(815301076,1909f56bfc062723c751e8b465ee728b)
Start importing Assets/Models/Mugs/Mug.prefab using Guid(423906e3a82141942aa314fe7f592788) Importer(815301076,1909f56bfc062723c751e8b465ee728b)  -> (artifact id: '9d4b007277655d02aea4fe76a4e5929e') in 0.060569 seconds 
========================================================================
Received Import Request.
  Time since last request: 1.307415 seconds.
  path: Assets/Models/Mugs/Demo Scene
  artifactKey: Guid(3a13c77e799aaf744b99d488a795d302) Importer(815301076,1909f56bfc062723c751e8b465ee728b)
Start importing Assets/Models/Mugs/Demo Scene using Guid(3a13c77e799aaf744b99d488a795d302) Importer(815301076,1909f56bfc062723c751e8b465ee728b)  -> (artifact id: 'f664dd6bfedd411b329248f916435f55') in 0.005612 seconds 
========================================================================
Received Import Request.
  Time since last request: 0.063407 seconds.
  path: Assets/Models/Mugs/Demo Scene/showroom.mat
  artifactKey: Guid(baf838ff216c6364eb7c0c77f5fdffcc) Importer(815301076,1909f56bfc062723c751e8b465ee728b)
Start importing Assets/Models/Mugs/Demo Scene/showroom.mat using Guid(baf838ff216c6364eb7c0c77f5fdffcc) Importer(815301076,1909f56bfc062723c751e8b465ee728b)  -> (artifact id: '1143d87938a20f2d295d25d2225330d7') in 0.133065 seconds 
========================================================================
Received Import Request.
  Time since last request: 0.719524 seconds.
  path: Assets/Models/Mugs/Demo Scene/demo.unity
  artifactKey: Guid(beb3870f53cb8a448ab2490e3f2cff80) Importer(815301076,1909f56bfc062723c751e8b465ee728b)
Start importing Assets/Models/Mugs/Demo Scene/demo.unity using Guid(beb3870f53cb8a448ab2490e3f2cff80) Importer(815301076,1909f56bfc062723c751e8b465ee728b)  -> (artifact id: 'fcf1fea3bbd49a51d433bef61ab879c4') in 0.005601 seconds 
========================================================================
Received Import Request.
  Time since last request: 13.808476 seconds.
  path: Assets/Detailed ballpoint pens/Materials
  artifactKey: Guid(87a527910353f77459df3c871413d718) Importer(815301076,1909f56bfc062723c751e8b465ee728b)
Start importing Assets/Detailed ballpoint pens/Materials using Guid(87a527910353f77459df3c871413d718) Importer(815301076,1909f56bfc062723c751e8b465ee728b)  -> (artifact id: 'ae29474a9976d2ac424b6ba5a2e52571') in 0.006123 seconds 
========================================================================
Received Import Request.
  Time since last request: 0.068518 seconds.
  path: Assets/Detailed ballpoint pens/Materials/Pen black.mat
  artifactKey: Guid(2cfd1fa63191fd943aad8bc6702aa482) Importer(815301076,1909f56bfc062723c751e8b465ee728b)
Start importing Assets/Detailed ballpoint pens/Materials/Pen black.mat using Guid(2cfd1fa63191fd943aad8bc6702aa482) Importer(815301076,1909f56bfc062723c751e8b465ee728b)  -> (artifact id: 'a794499f033b05b10e19813e706f59a8') in 0.018347 seconds 
========================================================================
Received Import Request.
  Time since last request: 0.000022 seconds.
  path: Assets/Detailed ballpoint pens/Materials/Pen red.mat
  artifactKey: Guid(da79f513e980ee64aab37bfc6f0ec490) Importer(815301076,1909f56bfc062723c751e8b465ee728b)
Start importing Assets/Detailed ballpoint pens/Materials/Pen red.mat using Guid(da79f513e980ee64aab37bfc6f0ec490) Importer(815301076,1909f56bfc062723c751e8b465ee728b)  -> (artifact id: '4ced5c8330a6d33974deb6e58c8bb185') in 0.016834 seconds 
========================================================================
Received Import Request.
  Time since last request: 0.000025 seconds.
  path: Assets/Detailed ballpoint pens/Materials/Pen white.mat
  artifactKey: Guid(0166a61e7c3cc5d45bdb7748df37db7f) Importer(815301076,1909f56bfc062723c751e8b465ee728b)
Start importing Assets/Detailed ballpoint pens/Materials/Pen white.mat using Guid(0166a61e7c3cc5d45bdb7748df37db7f) Importer(815301076,1909f56bfc062723c751e8b465ee728b)  -> (artifact id: '7cd82487cf0dc7a17608b5df7b301142') in 0.015806 seconds 
========================================================================
Received Import Request.
  Time since last request: 6.334230 seconds.
  path: Assets/Models/Mugs/Models
  artifactKey: Guid(4a4a54ef8e1509e439468c03eb501486) Importer(815301076,1909f56bfc062723c751e8b465ee728b)
Start importing Assets/Models/Mugs/Models using Guid(4a4a54ef8e1509e439468c03eb501486) Importer(815301076,1909f56bfc062723c751e8b465ee728b)  -> (artifact id: '8f1f2d64c2fcf1b0f38d7764efe3d4e8') in 0.006358 seconds 
========================================================================
Received Import Request.
  Time since last request: 0.048402 seconds.
  path: Assets/Models/Mugs/Models/mug.fbx
  artifactKey: Guid(6f4115f39a5324b45803085017003ce0) Importer(815301076,1909f56bfc062723c751e8b465ee728b)
Start importing Assets/Models/Mugs/Models/mug.fbx using Guid(6f4115f39a5324b45803085017003ce0) Importer(815301076,1909f56bfc062723c751e8b465ee728b)  -> (artifact id: 'fd732d5fce2242279494ce680d500dc4') in 0.051984 seconds 
========================================================================
Received Import Request.
  Time since last request: 0.785083 seconds.
  path: Assets/Models/Mugs/Models/Textures
  artifactKey: Guid(0f60f5d243b097945946e88b9008342e) Importer(815301076,1909f56bfc062723c751e8b465ee728b)
Start importing Assets/Models/Mugs/Models/Textures using Guid(0f60f5d243b097945946e88b9008342e) Importer(815301076,1909f56bfc062723c751e8b465ee728b)  -> (artifact id: '5a1c65ae3fbb8fca5633458360301ee9') in 0.005644 seconds 
========================================================================
Received Import Request.
  Time since last request: 0.076058 seconds.
  path: Assets/Models/Mugs/Models/Textures/mug.tga
  artifactKey: Guid(aedcc4069400fe94ea0d479d198be227) Importer(815301076,1909f56bfc062723c751e8b465ee728b)
Start importing Assets/Models/Mugs/Models/Textures/mug.tga using Guid(aedcc4069400fe94ea0d479d198be227) Importer(815301076,1909f56bfc062723c751e8b465ee728b)  -> (artifact id: 'aa173ca9bb417f0422dd59815ed9bfa7') in 0.017580 seconds 
========================================================================
Received Import Request.
  Time since last request: 25.952177 seconds.
  path: Assets/ScifiOfficeLite/Scripts
  artifactKey: Guid(6777d4b26573a2c4b86268507672bf1c) Importer(815301076,1909f56bfc062723c751e8b465ee728b)
Start importing Assets/ScifiOfficeLite/Scripts using Guid(6777d4b26573a2c4b86268507672bf1c) Importer(815301076,1909f56bfc062723c751e8b465ee728b)  -> (artifact id: '820525d9444ab269a53580619aefc64f') in 0.005349 seconds 
========================================================================
Received Import Request.
  Time since last request: 25.593713 seconds.
  path: Assets/Models/Mugs/Travel Mug.prefab
  artifactKey: Guid(7012f71500509df40b4e3f21439ee6a2) Importer(815301076,1909f56bfc062723c751e8b465ee728b)
Start importing Assets/Models/Mugs/Travel Mug.prefab using Guid(7012f71500509df40b4e3f21439ee6a2) Importer(815301076,1909f56bfc062723c751e8b465ee728b)  -> (artifact id: '80a0e75102119e518d450510c798d812') in 0.108074 seconds 
========================================================================
Received Import Request.
  Time since last request: 78.128483 seconds.
  path: Assets/Detailed ballpoint pens/Prefabs
  artifactKey: Guid(65617c0c249aa454c8bf35c6a961e67c) Importer(815301076,1909f56bfc062723c751e8b465ee728b)
Start importing Assets/Detailed ballpoint pens/Prefabs using Guid(65617c0c249aa454c8bf35c6a961e67c) Importer(815301076,1909f56bfc062723c751e8b465ee728b)  -> (artifact id: 'fd153e71798cecb888e8ae1424c521d0') in 0.006016 seconds 
========================================================================
Received Import Request.
  Time since last request: 0.039531 seconds.
  path: Assets/Detailed ballpoint pens/Prefabs/Pen black.prefab
  artifactKey: Guid(83042a5eb5c40da4197716921b77d573) Importer(815301076,1909f56bfc062723c751e8b465ee728b)
Start importing Assets/Detailed ballpoint pens/Prefabs/Pen black.prefab using Guid(83042a5eb5c40da4197716921b77d573) Importer(815301076,1909f56bfc062723c751e8b465ee728b)  -> (artifact id: '84de54df06dae1d0fee8a9fee00f7c38') in 0.198278 seconds 
========================================================================
Received Import Request.
  Time since last request: 224.020774 seconds.
  path: Assets/Oculus/Spatializer/scenes/sounds/360 Workstation Ambisonic Panning AmbiX.wav
  artifactKey: Guid(1340d7fb0cd1bfb4caa3b3270cb2ea5f) Importer(815301076,1909f56bfc062723c751e8b465ee728b)
Start importing Assets/Oculus/Spatializer/scenes/sounds/360 Workstation Ambisonic Panning AmbiX.wav using Guid(1340d7fb0cd1bfb4caa3b3270cb2ea5f) Importer(815301076,1909f56bfc062723c751e8b465ee728b)  -> (artifact id: '39e0d3077fc212f028d57c823aaeb128') in 0.071650 seconds 
========================================================================
Received Import Request.
  Time since last request: 1.442195 seconds.
  path: Assets/Oculus/Interaction/Samples/Audio/Content/Interaction_BasicGestures_SwipeForward_01.wav
  artifactKey: Guid(152aafa4bc75a894f80f0da543555c4b) Importer(815301076,1909f56bfc062723c751e8b465ee728b)
Start importing Assets/Oculus/Interaction/Samples/Audio/Content/Interaction_BasicGestures_SwipeForward_01.wav using Guid(152aafa4bc75a894f80f0da543555c4b) Importer(815301076,1909f56bfc062723c751e8b465ee728b)  -> (artifact id: '685cac77f778753402f8789583bae39b') in 0.012458 seconds 
========================================================================
Received Import Request.
  Time since last request: 0.000020 seconds.
  path: Assets/Oculus/Interaction/Samples/Audio/Content/Interaction_BasicPoke_ToyButton_Press_01.wav
  artifactKey: Guid(9c7f85ce3536b3b4c89aa4bd0db96665) Importer(815301076,1909f56bfc062723c751e8b465ee728b)
Start importing Assets/Oculus/Interaction/Samples/Audio/Content/Interaction_BasicPoke_ToyButton_Press_01.wav using Guid(9c7f85ce3536b3b4c89aa4bd0db96665) Importer(815301076,1909f56bfc062723c751e8b465ee728b)  -> (artifact id: 'bc83bc8e4b914e91e73cd27bcec79a65') in 0.012361 seconds 
========================================================================
Received Import Request.
  Time since last request: 0.000044 seconds.
  path: Assets/Oculus/Interaction/Samples/Audio/Content/Interaction_BasicPoke_ToyButton_Release_03.wav
  artifactKey: Guid(ef4f51c9b55aa174e96e815bd0e7cbda) Importer(815301076,1909f56bfc062723c751e8b465ee728b)
Start importing Assets/Oculus/Interaction/Samples/Audio/Content/Interaction_BasicPoke_ToyButton_Release_03.wav using Guid(ef4f51c9b55aa174e96e815bd0e7cbda) Importer(815301076,1909f56bfc062723c751e8b465ee728b)  -> (artifact id: '92a680252ca70f7a64d0a20bf76bf2f7') in 0.014267 seconds 
========================================================================
Received Import Request.
  Time since last request: 0.000018 seconds.
  path: Assets/Oculus/Interaction/Samples/Audio/Content/Interaction_BasicGrab_Grab_04.wav
  artifactKey: Guid(1bd60f4e4774c97469bd13aad8a14735) Importer(815301076,1909f56bfc062723c751e8b465ee728b)
Start importing Assets/Oculus/Interaction/Samples/Audio/Content/Interaction_BasicGrab_Grab_04.wav using Guid(1bd60f4e4774c97469bd13aad8a14735) Importer(815301076,1909f56bfc062723c751e8b465ee728b)  -> (artifact id: 'bfe78dc2a7e8f058c909d2e7ad977388') in 0.011710 seconds 
========================================================================
Received Import Request.
  Time since last request: 0.000019 seconds.
  path: Assets/Oculus/Interaction/Samples/Audio/Content/Interaction_Locomotion_Enter.wav
  artifactKey: Guid(4f4594d3823cc9e4ea68ebb1e27310da) Importer(815301076,1909f56bfc062723c751e8b465ee728b)
Start importing Assets/Oculus/Interaction/Samples/Audio/Content/Interaction_Locomotion_Enter.wav using Guid(4f4594d3823cc9e4ea68ebb1e27310da) Importer(815301076,1909f56bfc062723c751e8b465ee728b)  -> (artifact id: 'f07d469dfab0679919522a41332659fe') in 0.011252 seconds 
========================================================================
Received Import Request.
  Time since last request: 0.000025 seconds.
  path: Assets/Oculus/Interaction/Samples/Audio/Content/Interaction_BasicPoke_Keypad_09.wav
  artifactKey: Guid(b38b26d07f7435f43a1179467c7deacc) Importer(815301076,1909f56bfc062723c751e8b465ee728b)
Start importing Assets/Oculus/Interaction/Samples/Audio/Content/Interaction_BasicPoke_Keypad_09.wav using Guid(b38b26d07f7435f43a1179467c7deacc) Importer(815301076,1909f56bfc062723c751e8b465ee728b)  -> (artifact id: '6f1a4e9e634bc84dc8b9cfbc977633b9') in 0.011541 seconds 
========================================================================
Received Import Request.
  Time since last request: 0.000024 seconds.
  path: Assets/Oculus/Interaction/Samples/Audio/Content/Interaction_Locomotion_Declined.wav
  artifactKey: Guid(7a92e082862bf6249b332887bfa5a92a) Importer(815301076,1909f56bfc062723c751e8b465ee728b)
Start importing Assets/Oculus/Interaction/Samples/Audio/Content/Interaction_Locomotion_Declined.wav using Guid(7a92e082862bf6249b332887bfa5a92a) Importer(815301076,1909f56bfc062723c751e8b465ee728b)  -> (artifact id: '30a77b6845e35a3af78c0758787e9cdf') in 0.108150 seconds 
========================================================================
Received Import Request.
  Time since last request: 0.000026 seconds.
  path: Assets/Oculus/Interaction/Samples/Audio/Content/Interaction_BasicPoke_ToyButton_Press_02.wav
  artifactKey: Guid(2ed5105a8954bb84186243c8ac778daf) Importer(815301076,1909f56bfc062723c751e8b465ee728b)
Start importing Assets/Oculus/Interaction/Samples/Audio/Content/Interaction_BasicPoke_ToyButton_Press_02.wav using Guid(2ed5105a8954bb84186243c8ac778daf) Importer(815301076,1909f56bfc062723c751e8b465ee728b)  -> (artifact id: '0509c64bb847b327c27509cf128969aa') in 0.011909 seconds 
========================================================================
Received Import Request.
  Time since last request: 0.000034 seconds.
  path: Assets/Oculus/Interaction/Samples/Audio/Content/Interaction_BasicPoke_Keypad_04.wav
  artifactKey: Guid(b8f580cf675c83e4086b7b858613cb22) Importer(815301076,1909f56bfc062723c751e8b465ee728b)
Start importing Assets/Oculus/Interaction/Samples/Audio/Content/Interaction_BasicPoke_Keypad_04.wav using Guid(b8f580cf675c83e4086b7b858613cb22) Importer(815301076,1909f56bfc062723c751e8b465ee728b)  -> (artifact id: '0d2116d5ea5b7aa6d2d07b627362eeb9') in 0.009476 seconds 
========================================================================
Received Import Request.
  Time since last request: 0.000017 seconds.
  path: Assets/Oculus/Interaction/Samples/Audio/Content/Interaction_ComplexGrab_BoxClose_03.wav
  artifactKey: Guid(1d7fb3c7a39fe574798cf3697c8204fc) Importer(815301076,1909f56bfc062723c751e8b465ee728b)
Start importing Assets/Oculus/Interaction/Samples/Audio/Content/Interaction_ComplexGrab_BoxClose_03.wav using Guid(1d7fb3c7a39fe574798cf3697c8204fc) Importer(815301076,1909f56bfc062723c751e8b465ee728b)  -> (artifact id: 'c2a06e9646da5ad1dbbe5e9c968c6945') in 0.010863 seconds 
========================================================================
Received Import Request.
  Time since last request: 0.000028 seconds.
  path: Assets/Oculus/Interaction/Samples/Audio/Content/Interaction_PoseDetection_Rock_02.wav
  artifactKey: Guid(46ea7610960363c418d8f456b08b9cbc) Importer(815301076,1909f56bfc062723c751e8b465ee728b)
Start importing Assets/Oculus/Interaction/Samples/Audio/Content/Interaction_PoseDetection_Rock_02.wav using Guid(46ea7610960363c418d8f456b08b9cbc) Importer(815301076,1909f56bfc062723c751e8b465ee728b)  -> (artifact id: '6c13a993f4021207fce6134232d5dee9') in 0.011990 seconds 
========================================================================
Received Import Request.
  Time since last request: 0.000023 seconds.
  path: Assets/Oculus/Interaction/Samples/Audio/Content/Interaction_PoseDetection_ThumbsDown_02.wav
  artifactKey: Guid(7774adc1dddd0814380db576766b7efb) Importer(815301076,1909f56bfc062723c751e8b465ee728b)
Start importing Assets/Oculus/Interaction/Samples/Audio/Content/Interaction_PoseDetection_ThumbsDown_02.wav using Guid(7774adc1dddd0814380db576766b7efb) Importer(815301076,1909f56bfc062723c751e8b465ee728b)  -> (artifact id: 'cb8193d8d6d8f4051498f246a50f2eb4') in 0.011678 seconds 
========================================================================
Received Import Request.
  Time since last request: 0.000028 seconds.
  path: Assets/Oculus/Interaction/Samples/Audio/Content/Interaction_Object_Reappear_01.wav
  artifactKey: Guid(44420cc82247b8c41b2a11399c3dda75) Importer(815301076,1909f56bfc062723c751e8b465ee728b)
Start importing Assets/Oculus/Interaction/Samples/Audio/Content/Interaction_Object_Reappear_01.wav using Guid(44420cc82247b8c41b2a11399c3dda75) Importer(815301076,1909f56bfc062723c751e8b465ee728b)  -> (artifact id: 'abb1db5235c3d0efeca6cae03c8b976c') in 0.011525 seconds 
========================================================================
Received Import Request.
  Time since last request: 0.000023 seconds.
  path: Assets/Oculus/Interaction/Samples/Audio/Content/Interaction_PoseDetection_Rock_01.wav
  artifactKey: Guid(0d5bc27cc53f12b4c9ae2d4e8bc8fd73) Importer(815301076,1909f56bfc062723c751e8b465ee728b)
Start importing Assets/Oculus/Interaction/Samples/Audio/Content/Interaction_PoseDetection_Rock_01.wav using Guid(0d5bc27cc53f12b4c9ae2d4e8bc8fd73) Importer(815301076,1909f56bfc062723c751e8b465ee728b)  -> (artifact id: '6d55e131170d06c159be5fc44c55b4ad') in 0.011087 seconds 
========================================================================
Received Import Request.
  Time since last request: 0.000022 seconds.
  path: Assets/Oculus/Interaction/Samples/Audio/Content/Interaction_Locomotion_Exit.wav
  artifactKey: Guid(4a0124413f6c41543a1bdffc9f0fe78c) Importer(815301076,1909f56bfc062723c751e8b465ee728b)
Start importing Assets/Oculus/Interaction/Samples/Audio/Content/Interaction_Locomotion_Exit.wav using Guid(4a0124413f6c41543a1bdffc9f0fe78c) Importer(815301076,1909f56bfc062723c751e8b465ee728b)  -> (artifact id: '6e8f29f23475242e83a31e41eaa19684') in 0.011591 seconds 
========================================================================
Received Import Request.
  Time since last request: 0.000019 seconds.
  path: Assets/Oculus/Interaction/Samples/Audio/Content/Interaction_BasicGrab_Release_01.wav
  artifactKey: Guid(01ee74389d1a6844c9250d4230e734d3) Importer(815301076,1909f56bfc062723c751e8b465ee728b)
Start importing Assets/Oculus/Interaction/Samples/Audio/Content/Interaction_BasicGrab_Release_01.wav using Guid(01ee74389d1a6844c9250d4230e734d3) Importer(815301076,1909f56bfc062723c751e8b465ee728b)  -> (artifact id: 'c37e56ee2eed2f07090c09b107977692') in 0.011638 seconds 
========================================================================
Received Import Request.
  Time since last request: 0.000021 seconds.
  path: Assets/Oculus/Interaction/Samples/Audio/Content/Interaction_BasicGrab_Release_04.wav
  artifactKey: Guid(72e37686c6837804ab84e2f347c8e3ee) Importer(815301076,1909f56bfc062723c751e8b465ee728b)
Start importing Assets/Oculus/Interaction/Samples/Audio/Content/Interaction_BasicGrab_Release_04.wav using Guid(72e37686c6837804ab84e2f347c8e3ee) Importer(815301076,1909f56bfc062723c751e8b465ee728b)  -> (artifact id: '8da8b1b225b8608b3786408db02db02a') in 0.010451 seconds 
========================================================================
Received Import Request.
  Time since last request: 0.000021 seconds.
  path: Assets/Oculus/Interaction/Samples/Audio/Content/Interaction_BasicPoke_ButtonRelease.wav
  artifactKey: Guid(aebed88a33938c74f80e53b1386c2034) Importer(815301076,1909f56bfc062723c751e8b465ee728b)
Start importing Assets/Oculus/Interaction/Samples/Audio/Content/Interaction_BasicPoke_ButtonRelease.wav using Guid(aebed88a33938c74f80e53b1386c2034) Importer(815301076,1909f56bfc062723c751e8b465ee728b)  -> (artifact id: '03db014f7e6a407e6e7fdc432d04754a') in 0.010553 seconds 
========================================================================
Received Import Request.
  Time since last request: 0.000020 seconds.
  path: Assets/Oculus/Interaction/Samples/Audio/Content/Interaction_ComplexGrab_BoxOpen_03.wav
  artifactKey: Guid(2a3a28423ef0779459533afedeee12cf) Importer(815301076,1909f56bfc062723c751e8b465ee728b)
Start importing Assets/Oculus/Interaction/Samples/Audio/Content/Interaction_ComplexGrab_BoxOpen_03.wav using Guid(2a3a28423ef0779459533afedeee12cf) Importer(815301076,1909f56bfc062723c751e8b465ee728b)  -> (artifact id: '0ca2916c17a596146a559dd3d7ff31a8') in 0.010405 seconds 
========================================================================
Received Import Request.
  Time since last request: 0.000020 seconds.
  path: Assets/Oculus/Interaction/Samples/Audio/Content/Interaction_CameraTool_Shutter_01.wav
  artifactKey: Guid(d009b2948655d054d8f4b6c17607d08b) Importer(815301076,1909f56bfc062723c751e8b465ee728b)
Start importing Assets/Oculus/Interaction/Samples/Audio/Content/Interaction_CameraTool_Shutter_01.wav using Guid(d009b2948655d054d8f4b6c17607d08b) Importer(815301076,1909f56bfc062723c751e8b465ee728b)  -> (artifact id: '427b76a81ab4a7d0f7212697c1729a30') in 0.011523 seconds 
========================================================================
Received Import Request.
  Time since last request: 0.000020 seconds.
  path: Assets/Oculus/Interaction/Samples/Audio/Content/Interaction_BasicRay_Release.wav
  artifactKey: Guid(2786b7a027507264ebaad5d1bf1cd1dd) Importer(815301076,1909f56bfc062723c751e8b465ee728b)
Start importing Assets/Oculus/Interaction/Samples/Audio/Content/Interaction_BasicRay_Release.wav using Guid(2786b7a027507264ebaad5d1bf1cd1dd) Importer(815301076,1909f56bfc062723c751e8b465ee728b)  -> (artifact id: '4843cb5948eee69063667c4b0ce96c0f') in 0.011088 seconds 
========================================================================
Received Import Request.
  Time since last request: 0.000022 seconds.
  path: Assets/Oculus/Interaction/Samples/Audio/Content/Interaction_Object_Impact_09.wav
  artifactKey: Guid(52648979e5d298240a12915b9ed6c503) Importer(815301076,1909f56bfc062723c751e8b465ee728b)
Start importing Assets/Oculus/Interaction/Samples/Audio/Content/Interaction_Object_Impact_09.wav using Guid(52648979e5d298240a12915b9ed6c503) Importer(815301076,1909f56bfc062723c751e8b465ee728b)  -> (artifact id: 'fbfab4eb7c100d72f99c7bf4a7967806') in 0.012443 seconds 
========================================================================
Received Import Request.
  Time since last request: 0.000031 seconds.
  path: Assets/Oculus/Interaction/Samples/Audio/Content/Interaction_BasicPoke_ToyButton_Release_01.wav
  artifactKey: Guid(1cb50a7de0f9f954b8b0c331fe898a8f) Importer(815301076,1909f56bfc062723c751e8b465ee728b)
Start importing Assets/Oculus/Interaction/Samples/Audio/Content/Interaction_BasicPoke_ToyButton_Release_01.wav using Guid(1cb50a7de0f9f954b8b0c331fe898a8f) Importer(815301076,1909f56bfc062723c751e8b465ee728b)  -> (artifact id: '5ca991a4aebcfabe8b78507e6c9cc1df') in 0.011239 seconds 
========================================================================
Received Import Request.
  Time since last request: 0.000044 seconds.
  path: Assets/Oculus/Interaction/Samples/Audio/Content/Interaction_Locomotion_SnapTurn.wav
  artifactKey: Guid(73b1216fbe8e8c7408f4269715da6d86) Importer(815301076,1909f56bfc062723c751e8b465ee728b)
Start importing Assets/Oculus/Interaction/Samples/Audio/Content/Interaction_Locomotion_SnapTurn.wav using Guid(73b1216fbe8e8c7408f4269715da6d86) Importer(815301076,1909f56bfc062723c751e8b465ee728b)  -> (artifact id: 'b6cfe80e92c9eeef2c1b996c5c73201f') in 0.013417 seconds 
========================================================================
Received Import Request.
  Time since last request: 0.000023 seconds.
  path: Assets/Oculus/Interaction/Samples/Audio/Content/Interaction_PoseDetection_Scissors_02.wav
  artifactKey: Guid(a988f805ead2c9f4db2a2956cf3555f1) Importer(815301076,1909f56bfc062723c751e8b465ee728b)
Start importing Assets/Oculus/Interaction/Samples/Audio/Content/Interaction_PoseDetection_Scissors_02.wav using Guid(a988f805ead2c9f4db2a2956cf3555f1) Importer(815301076,1909f56bfc062723c751e8b465ee728b)  -> (artifact id: '0707035ef087480e959e4ef02a0e4aef') in 0.012114 seconds 
========================================================================
Received Import Request.
  Time since last request: 0.000021 seconds.
  path: Assets/Oculus/Interaction/Samples/Audio/Content/Interaction_BasicPoke_Keypad_08.wav
  artifactKey: Guid(3c7d77ef6bc7ea342982df2dd40208a9) Importer(815301076,1909f56bfc062723c751e8b465ee728b)
Start importing Assets/Oculus/Interaction/Samples/Audio/Content/Interaction_BasicPoke_Keypad_08.wav using Guid(3c7d77ef6bc7ea342982df2dd40208a9) Importer(815301076,1909f56bfc062723c751e8b465ee728b)  -> (artifact id: '6bb7964d6a5ba6776c03f8aea1a50c12') in 0.014651 seconds 
========================================================================
Received Import Request.
  Time since last request: 0.000024 seconds.
  path: Assets/Oculus/Interaction/Samples/Audio/Content/Interaction_Object_Impact_11.wav
  artifactKey: Guid(3c95fd7328ce55b42901d3ededf06b2f) Importer(815301076,1909f56bfc062723c751e8b465ee728b)
Start importing Assets/Oculus/Interaction/Samples/Audio/Content/Interaction_Object_Impact_11.wav using Guid(3c95fd7328ce55b42901d3ededf06b2f) Importer(815301076,1909f56bfc062723c751e8b465ee728b)  -> (artifact id: '24f961232cd5312772fa82c072897ddc') in 0.011401 seconds 
========================================================================
Received Import Request.
  Time since last request: 0.000023 seconds.
  path: Assets/Oculus/Interaction/Samples/Audio/Content/Interaction_PoseDetection_Rock_03.wav
  artifactKey: Guid(c3ea51fe00965254cb5625d550ec777a) Importer(815301076,1909f56bfc062723c751e8b465ee728b)
Start importing Assets/Oculus/Interaction/Samples/Audio/Content/Interaction_PoseDetection_Rock_03.wav using Guid(c3ea51fe00965254cb5625d550ec777a) Importer(815301076,1909f56bfc062723c751e8b465ee728b)  -> (artifact id: 'cec7a60cd72aa371c113b17a62783238') in 0.010410 seconds 
========================================================================
Received Import Request.
  Time since last request: 0.000027 seconds.
  path: Assets/Oculus/Interaction/Samples/Audio/Content/Interaction_BasicPoke_Keypad_02.wav
  artifactKey: Guid(9e6b15717caa4bd4c89c44dc2ae6108c) Importer(815301076,1909f56bfc062723c751e8b465ee728b)
Start importing Assets/Oculus/Interaction/Samples/Audio/Content/Interaction_BasicPoke_Keypad_02.wav using Guid(9e6b15717caa4bd4c89c44dc2ae6108c) Importer(815301076,1909f56bfc062723c751e8b465ee728b)  -> (artifact id: '87e42df71a29f9694f9ef32d75875fbb') in 0.011395 seconds 
========================================================================
Received Import Request.
  Time since last request: 0.000025 seconds.
  path: Assets/Oculus/Interaction/Samples/Audio/Content/Interaction_Locomotion_Teleport.wav
  artifactKey: Guid(d3735878005c4af448c2abff3edc88c0) Importer(815301076,1909f56bfc062723c751e8b465ee728b)
Start importing Assets/Oculus/Interaction/Samples/Audio/Content/Interaction_Locomotion_Teleport.wav using Guid(d3735878005c4af448c2abff3edc88c0) Importer(815301076,1909f56bfc062723c751e8b465ee728b)  -> (artifact id: '8aef8af74f0cf5bf8047333ea922abe6') in 0.011614 seconds 
========================================================================
Received Import Request.
  Time since last request: 0.000022 seconds.
  path: Assets/Oculus/Interaction/Samples/Audio/Content/Interaction_PoseDetection_ThumbsDown_03.wav
  artifactKey: Guid(11f00901e96c8d34687e2b184c356f9d) Importer(815301076,1909f56bfc062723c751e8b465ee728b)
Start importing Assets/Oculus/Interaction/Samples/Audio/Content/Interaction_PoseDetection_ThumbsDown_03.wav using Guid(11f00901e96c8d34687e2b184c356f9d) Importer(815301076,1909f56bfc062723c751e8b465ee728b)  -> (artifact id: '79f556b67565409c2a3c42c69390408b') in 0.011165 seconds 
========================================================================
Received Import Request.
  Time since last request: 0.000025 seconds.
  path: Assets/Oculus/Interaction/OVRIntegration/Runtime/Prefabs/Legacy/InteractionRigOVR.prefab
  artifactKey: Guid(ffe3be6b11cb93446bff4c254b6d9148) Importer(815301076,1909f56bfc062723c751e8b465ee728b)
Start importing Assets/Oculus/Interaction/OVRIntegration/Runtime/Prefabs/Legacy/InteractionRigOVR.prefab using Guid(ffe3be6b11cb93446bff4c254b6d9148) Importer(815301076,1909f56bfc062723c751e8b465ee728b)  -> (artifact id: '6ed9f97f2723b24ad5a2d344863c3feb') in 0.011988 seconds 
========================================================================
Received Import Request.
  Time since last request: 0.000020 seconds.
  path: Assets/Oculus/Interaction/Samples/Prefabs/OVRIntegration/Legacy/InteractionRigOVR-FullSynthetic.prefab
  artifactKey: Guid(d93b7e04b48cd7b4fa849695dba2ce9c) Importer(815301076,1909f56bfc062723c751e8b465ee728b)
Start importing Assets/Oculus/Interaction/Samples/Prefabs/OVRIntegration/Legacy/InteractionRigOVR-FullSynthetic.prefab using Guid(d93b7e04b48cd7b4fa849695dba2ce9c) Importer(815301076,1909f56bfc062723c751e8b465ee728b)  -> (artifact id: '503a8095caecc724c0d29e16f149e0d2') in 0.140721 seconds 
========================================================================
Received Import Request.
  Time since last request: 0.000082 seconds.
  path: Assets/Oculus/Interaction/Samples/Audio/Content/Interaction_Object_Impact_04.wav
  artifactKey: Guid(41204675ff2e12043b892e8f671541eb) Importer(815301076,1909f56bfc062723c751e8b465ee728b)
Start importing Assets/Oculus/Interaction/Samples/Audio/Content/Interaction_Object_Impact_04.wav using Guid(41204675ff2e12043b892e8f671541eb) Importer(815301076,1909f56bfc062723c751e8b465ee728b)  -> (artifact id: '3f999df10ad19b773eb5b11174387c68') in 0.014220 seconds 
========================================================================
Received Import Request.
  Time since last request: 0.000036 seconds.
  path: Assets/Oculus/Interaction/Samples/Audio/Content/Interaction_ComplexGrab_BoxOpen_02.wav
  artifactKey: Guid(7af8171318058a144bc1208ad2f60abe) Importer(815301076,1909f56bfc062723c751e8b465ee728b)
Start importing Assets/Oculus/Interaction/Samples/Audio/Content/Interaction_ComplexGrab_BoxOpen_02.wav using Guid(7af8171318058a144bc1208ad2f60abe) Importer(815301076,1909f56bfc062723c751e8b465ee728b)  -> (artifact id: '09766a34c1bf1b3c70e1e6b835fe5da3') in 0.013026 seconds 
========================================================================
Received Import Request.
  Time since last request: 0.000017 seconds.
  path: Assets/Oculus/Interaction/Samples/Audio/Content/Interaction_BasicGrab_Grab_03.wav
  artifactKey: Guid(5d75990ed604109429ae282bde2c21f0) Importer(815301076,1909f56bfc062723c751e8b465ee728b)
Start importing Assets/Oculus/Interaction/Samples/Audio/Content/Interaction_BasicGrab_Grab_03.wav using Guid(5d75990ed604109429ae282bde2c21f0) Importer(815301076,1909f56bfc062723c751e8b465ee728b)  -> (artifact id: 'd83f1dff65ee47f982a033359d756699') in 0.011275 seconds 
========================================================================
Received Import Request.
  Time since last request: 0.000025 seconds.
  path: Assets/Oculus/Interaction/Samples/Audio/Content/Interaction_DistanceGrab_Unhover.wav
  artifactKey: Guid(313d3ca4b490fdd4db2f077f19fb883c) Importer(815301076,1909f56bfc062723c751e8b465ee728b)
Start importing Assets/Oculus/Interaction/Samples/Audio/Content/Interaction_DistanceGrab_Unhover.wav using Guid(313d3ca4b490fdd4db2f077f19fb883c) Importer(815301076,1909f56bfc062723c751e8b465ee728b)  -> (artifact id: '9a267b9213b7eda10aef107b82a7830b') in 0.011042 seconds 
========================================================================
Received Import Request.
  Time since last request: 0.000017 seconds.
  path: Assets/Oculus/Interaction/Samples/Audio/Content/Interaction_BasicGrab_Grab_05.wav
  artifactKey: Guid(5e44ad0f498709b458e0b33478e5c161) Importer(815301076,1909f56bfc062723c751e8b465ee728b)
Start importing Assets/Oculus/Interaction/Samples/Audio/Content/Interaction_BasicGrab_Grab_05.wav using Guid(5e44ad0f498709b458e0b33478e5c161) Importer(815301076,1909f56bfc062723c751e8b465ee728b)  -> (artifact id: '499baafb799dbdbd529f4d02f8bf5aca') in 0.009930 seconds 
========================================================================
Received Import Request.
  Time since last request: 0.000053 seconds.
  path: Assets/Oculus/Interaction/Samples/Audio/Content/Interaction_PoseDetection_ThumbsUp_02.wav
  artifactKey: Guid(09261974b330663419f6e892d56cee88) Importer(815301076,1909f56bfc062723c751e8b465ee728b)
Start importing Assets/Oculus/Interaction/Samples/Audio/Content/Interaction_PoseDetection_ThumbsUp_02.wav using Guid(09261974b330663419f6e892d56cee88) Importer(815301076,1909f56bfc062723c751e8b465ee728b)  -> (artifact id: '69914b8af5d398b79bc7251b93a11233') in 0.011468 seconds 
========================================================================
Received Import Request.
  Time since last request: 0.000027 seconds.
  path: Assets/Oculus/Interaction/Samples/Audio/Content/Interaction_BasicGrab_Release_03.wav
  artifactKey: Guid(699db85e81c57234f80d2c1d665c0a96) Importer(815301076,1909f56bfc062723c751e8b465ee728b)
Start importing Assets/Oculus/Interaction/Samples/Audio/Content/Interaction_BasicGrab_Release_03.wav using Guid(699db85e81c57234f80d2c1d665c0a96) Importer(815301076,1909f56bfc062723c751e8b465ee728b)  -> (artifact id: '017b83441959e6a233592198a891dff2') in 0.010809 seconds 
========================================================================
Received Import Request.
  Time since last request: 0.000021 seconds.
  path: Assets/Oculus/Interaction/Samples/Audio/Content/Interaction_BasicPoke_ButtonPress.wav
  artifactKey: Guid(56fe077fa3d84f24c951589f5d187be2) Importer(815301076,1909f56bfc062723c751e8b465ee728b)
Start importing Assets/Oculus/Interaction/Samples/Audio/Content/Interaction_BasicPoke_ButtonPress.wav using Guid(56fe077fa3d84f24c951589f5d187be2) Importer(815301076,1909f56bfc062723c751e8b465ee728b)  -> (artifact id: '8df9889c5b5dd29884dd96a66ee802f2') in 0.010589 seconds 
========================================================================
Received Import Request.
  Time since last request: 0.000024 seconds.
  path: Assets/Oculus/Interaction/Samples/Audio/Content/Interaction_PoseDetection_Paper_03.wav
  artifactKey: Guid(eec1a4e0cb9cf3d4a881837e7a165919) Importer(815301076,1909f56bfc062723c751e8b465ee728b)
Start importing Assets/Oculus/Interaction/Samples/Audio/Content/Interaction_PoseDetection_Paper_03.wav using Guid(eec1a4e0cb9cf3d4a881837e7a165919) Importer(815301076,1909f56bfc062723c751e8b465ee728b)  -> (artifact id: 'd1b3bef702558e69ebe92b5b10b0f798') in 0.010408 seconds 
========================================================================
Received Import Request.
  Time since last request: 0.000023 seconds.
  path: Assets/Oculus/Interaction/Samples/Audio/Content/Interaction_PoseDetection_ThumbsUp_03.wav
  artifactKey: Guid(9b19288dd66a54a4eb7774dd05c2a328) Importer(815301076,1909f56bfc062723c751e8b465ee728b)
Start importing Assets/Oculus/Interaction/Samples/Audio/Content/Interaction_PoseDetection_ThumbsUp_03.wav using Guid(9b19288dd66a54a4eb7774dd05c2a328) Importer(815301076,1909f56bfc062723c751e8b465ee728b)  -> (artifact id: '1bb206990785fa1e8d1d54031b21394a') in 0.010582 seconds 
========================================================================
Received Import Request.
  Time since last request: 0.000027 seconds.
  path: Assets/Oculus/Interaction/Samples/Audio/Content/Interaction_BasicPoke_ToyButton_Press_03.wav
  artifactKey: Guid(354b04977aec15c42819ef6947075146) Importer(815301076,1909f56bfc062723c751e8b465ee728b)
Start importing Assets/Oculus/Interaction/Samples/Audio/Content/Interaction_BasicPoke_ToyButton_Press_03.wav using Guid(354b04977aec15c42819ef6947075146) Importer(815301076,1909f56bfc062723c751e8b465ee728b)  -> (artifact id: '61b043bee5f3fd976039c99e4097bbe2') in 0.011150 seconds 
========================================================================
Received Import Request.
  Time since last request: 0.000025 seconds.
  path: Assets/Oculus/Interaction/Samples/Audio/Content/Interaction_Object_Impact_08.wav
  artifactKey: Guid(b52bcbc955bfb7b4b866604115d42e9c) Importer(815301076,1909f56bfc062723c751e8b465ee728b)
Start importing Assets/Oculus/Interaction/Samples/Audio/Content/Interaction_Object_Impact_08.wav using Guid(b52bcbc955bfb7b4b866604115d42e9c) Importer(815301076,1909f56bfc062723c751e8b465ee728b)  -> (artifact id: '3ba9888b9efbffc9b1de7c38b9e4ff50') in 0.011293 seconds 
========================================================================
Received Import Request.
  Time since last request: 0.000019 seconds.
  path: Assets/Oculus/Interaction/Samples/Shaders/InteractionCG.cginc
  artifactKey: Guid(ad62366434a0c0d43828de4737c3ed09) Importer(815301076,1909f56bfc062723c751e8b465ee728b)
Start importing Assets/Oculus/Interaction/Samples/Shaders/InteractionCG.cginc using Guid(ad62366434a0c0d43828de4737c3ed09) Importer(815301076,1909f56bfc062723c751e8b465ee728b)  -> (artifact id: '00fa153dbebc65188cb4933504d34b06') in 0.008228 seconds 
========================================================================
Received Import Request.
  Time since last request: 0.000025 seconds.
  path: Assets/Oculus/Interaction/Samples/Audio/Content/Interaction_PoseDetection_Paper_02.wav
  artifactKey: Guid(804545687cb242649ae26f9c2eb148d2) Importer(815301076,1909f56bfc062723c751e8b465ee728b)
Start importing Assets/Oculus/Interaction/Samples/Audio/Content/Interaction_PoseDetection_Paper_02.wav using Guid(804545687cb242649ae26f9c2eb148d2) Importer(815301076,1909f56bfc062723c751e8b465ee728b)  -> (artifact id: 'f9de53593160fd5778c3189866b88432') in 0.010918 seconds 
========================================================================
Received Import Request.
  Time since last request: 0.000027 seconds.
  path: Assets/Oculus/Interaction/Samples/Audio/Content/Interaction_BasicPoke_Keypad_06.wav
  artifactKey: Guid(9ef66d69357ce984099c0573a74b624d) Importer(815301076,1909f56bfc062723c751e8b465ee728b)
Start importing Assets/Oculus/Interaction/Samples/Audio/Content/Interaction_BasicPoke_Keypad_06.wav using Guid(9ef66d69357ce984099c0573a74b624d) Importer(815301076,1909f56bfc062723c751e8b465ee728b)  -> (artifact id: '9002f8816ada41b91392774fec9b14f4') in 0.012415 seconds 
========================================================================
Received Import Request.
  Time since last request: 0.000041 seconds.
  path: Assets/Oculus/Interaction/Samples/Audio/Content/Interaction_Locomotion_ChangeDirection.wav
  artifactKey: Guid(ef37598b3ebcae346825ac59d4c29671) Importer(815301076,1909f56bfc062723c751e8b465ee728b)
Start importing Assets/Oculus/Interaction/Samples/Audio/Content/Interaction_Locomotion_ChangeDirection.wav using Guid(ef37598b3ebcae346825ac59d4c29671) Importer(815301076,1909f56bfc062723c751e8b465ee728b)  -> (artifact id: '40d27728dfaad8026fdea9715933d48e') in 0.011227 seconds 
========================================================================
Received Import Request.
  Time since last request: 0.000021 seconds.
  path: Assets/Oculus/Interaction/Samples/Audio/Content/Interaction_PoseDetection_Paper_01.wav
  artifactKey: Guid(9f1b0ba010bb58443ab64607dd1c24de) Importer(815301076,1909f56bfc062723c751e8b465ee728b)
Start importing Assets/Oculus/Interaction/Samples/Audio/Content/Interaction_PoseDetection_Paper_01.wav using Guid(9f1b0ba010bb58443ab64607dd1c24de) Importer(815301076,1909f56bfc062723c751e8b465ee728b)  -> (artifact id: 'c000555efbf23be8964e38291c439025') in 0.010442 seconds 
========================================================================
Received Import Request.
  Time since last request: 0.000022 seconds.
  path: Assets/Oculus/Interaction/Samples/Audio/Content/Interaction_PoseDetection_Scissors_01.wav
  artifactKey: Guid(35700466f1688cb488905b1899b92552) Importer(815301076,1909f56bfc062723c751e8b465ee728b)
Start importing Assets/Oculus/Interaction/Samples/Audio/Content/Interaction_PoseDetection_Scissors_01.wav using Guid(35700466f1688cb488905b1899b92552) Importer(815301076,1909f56bfc062723c751e8b465ee728b)  -> (artifact id: '5c9f607ba1e8ecd8da6354821767d22e') in 0.012635 seconds 
========================================================================
Received Import Request.
  Time since last request: 0.000029 seconds.
  path: Assets/Oculus/Interaction/Samples/Audio/Content/Interaction_BasicGrab_Grab_02.wav
  artifactKey: Guid(cbaf8af418050074d94500378f012f45) Importer(815301076,1909f56bfc062723c751e8b465ee728b)
Start importing Assets/Oculus/Interaction/Samples/Audio/Content/Interaction_BasicGrab_Grab_02.wav using Guid(cbaf8af418050074d94500378f012f45) Importer(815301076,1909f56bfc062723c751e8b465ee728b)  -> (artifact id: '3fc99ebf01c9221caba6d5c910f434e1') in 0.011720 seconds 
========================================================================
Received Import Request.
  Time since last request: 0.000026 seconds.
  path: Assets/Oculus/Interaction/Samples/Audio/Content/Interaction_DistanceGrab_Hover.wav
  artifactKey: Guid(1ec345b9b29f7be4a9844256d11985e0) Importer(815301076,1909f56bfc062723c751e8b465ee728b)
Start importing Assets/Oculus/Interaction/Samples/Audio/Content/Interaction_DistanceGrab_Hover.wav using Guid(1ec345b9b29f7be4a9844256d11985e0) Importer(815301076,1909f56bfc062723c751e8b465ee728b)  -> (artifact id: 'a1ae804b58de89f996bbe7f0f72edf6f') in 0.011604 seconds 
========================================================================
Received Import Request.
  Time since last request: 0.000022 seconds.
  path: Assets/Oculus/Interaction/Samples/Audio/Content/Interaction_BasicPoke_Keypad_07.wav
  artifactKey: Guid(ba53110248aaf894aa2310ce615e6eac) Importer(815301076,1909f56bfc062723c751e8b465ee728b)
Start importing Assets/Oculus/Interaction/Samples/Audio/Content/Interaction_BasicPoke_Keypad_07.wav using Guid(ba53110248aaf894aa2310ce615e6eac) Importer(815301076,1909f56bfc062723c751e8b465ee728b)  -> (artifact id: 'a03c376dd053e19e5c069f4c14635bda') in 0.012559 seconds 
Editor requested this worker to shutdown with reason: Scaling down because of idle timeout
AssetImportWorker is now disconnected from the server
Process exiting
Exiting without the bug reporter. Application will terminate with return code 0