Using pre-set license
Built from '2021.3/staging' branch; Version is '2021.3.18f1 (3129e69bc0c7) revision 3221990'; Using compiler version '192829333'; Build Type 'Release'
OS: 'Windows 11  (10.0.22621) 64bit Core' Language: 'en' Physical Memory: 49068 MB
BatchMode: 1, IsHumanControllingUs: 0, StartBugReporterOnCrash: 0, Is64bit: 1, IsPro: 1

COMMAND LINE ARGUMENTS:
C:\Program Files\Unity\Hub\Editor\2019.4.16f1\Editor\2021.3.18f1\Editor\Unity.exe
-adb2
-batchMode
-noUpm
-name
AssetImportWorker1
-projectPath
C:/Users/wanye/source/VR-Engineering/Project 6 - User Interface
-logFile
Logs/AssetImportWorker1.log
-srvPort
62912
Successfully changed project path to: C:/Users/wanye/source/VR-Engineering/Project 6 - User Interface
C:/Users/wanye/source/VR-Engineering/Project 6 - User Interface
[UnityMemory] Configuration Parameters - Can be set up in boot.config
    "memorysetup-bucket-allocator-granularity=16"
    "memorysetup-bucket-allocator-bucket-count=8"
    "memorysetup-bucket-allocator-block-size=33554432"
    "memorysetup-bucket-allocator-block-count=8"
    "memorysetup-main-allocator-block-size=16777216"
    "memorysetup-thread-allocator-block-size=16777216"
    "memorysetup-gfx-main-allocator-block-size=16777216"
    "memorysetup-gfx-thread-allocator-block-size=16777216"
    "memorysetup-cache-allocator-block-size=4194304"
    "memorysetup-typetree-allocator-block-size=2097152"
    "memorysetup-profiler-bucket-allocator-granularity=16"
    "memorysetup-profiler-bucket-allocator-bucket-count=8"
    "memorysetup-profiler-bucket-allocator-block-size=33554432"
    "memorysetup-profiler-bucket-allocator-block-count=8"
    "memorysetup-profiler-allocator-block-size=16777216"
    "memorysetup-profiler-editor-allocator-block-size=1048576"
    "memorysetup-temp-allocator-size-main=16777216"
    "memorysetup-job-temp-allocator-block-size=2097152"
    "memorysetup-job-temp-allocator-block-size-background=1048576"
    "memorysetup-job-temp-allocator-reduction-small-platforms=262144"
    "memorysetup-temp-allocator-size-background-worker=32768"
    "memorysetup-temp-allocator-size-job-worker=262144"
    "memorysetup-temp-allocator-size-preload-manager=33554432"
    "memorysetup-temp-allocator-size-nav-mesh-worker=65536"
    "memorysetup-temp-allocator-size-audio-worker=65536"
    "memorysetup-temp-allocator-size-cloud-worker=32768"
    "memorysetup-temp-allocator-size-gi-baking-worker=262144"
    "memorysetup-temp-allocator-size-gfx=262144"
Player connection [2800] Host "[IP] 10.127.16.58 [Port] 0 [Flags] 2 [Guid] 1951001615 [EditorId] 1951001615 [Version] 1048832 [Id] WindowsEditor(7,Wanyea-DESKTOP) [Debug] 1 [PackageName] WindowsEditor [ProjectName] Editor" joined multi-casting on [225.0.0.222:54997]...

Player connection [2800] Host "[IP] 10.127.16.58 [Port] 0 [Flags] 2 [Guid] 1951001615 [EditorId] 1951001615 [Version] 1048832 [Id] WindowsEditor(7,Wanyea-DESKTOP) [Debug] 1 [PackageName] WindowsEditor [ProjectName] Editor" joined alternative multi-casting on [225.0.0.222:34997]...

Refreshing native plugins compatible for Editor in 152.95 ms, found 8 plugins.
Preloading 1 native plugins for Editor in 0.69 ms.
Initialize engine version: 2021.3.18f1 (3129e69bc0c7)
[Subsystems] Discovering subsystems at path C:/Program Files/Unity/Hub/Editor/2019.4.16f1/Editor/2021.3.18f1/Editor/Data/Resources/UnitySubsystems
[Subsystems] Discovering subsystems at path C:/Users/wanye/source/VR-Engineering/Project 6 - User Interface/Assets
GfxDevice: creating device client; threaded=0; jobified=0
Direct3D:
    Version:  Direct3D 11.0 [level 11.1]
    Renderer: Radeon RX 580 Series (ID=0x67df)
    Vendor:   ATI
    VRAM:     8170 MB
    Driver:   31.0.14043.1000
Shader 'Oculus/OVRMRCameraFrameLit': fallback shader 'Alpha-Diffuse' not found
Initialize mono
Mono path[0] = 'C:/Program Files/Unity/Hub/Editor/2019.4.16f1/Editor/2021.3.18f1/Editor/Data/Managed'
Mono path[1] = 'C:/Program Files/Unity/Hub/Editor/2019.4.16f1/Editor/2021.3.18f1/Editor/Data/MonoBleedingEdge/lib/mono/unityjit-win32'
Mono config path = 'C:/Program Files/Unity/Hub/Editor/2019.4.16f1/Editor/2021.3.18f1/Editor/Data/MonoBleedingEdge/etc'
Using monoOptions --debugger-agent=transport=dt_socket,embedding=1,server=y,suspend=n,address=127.0.0.1:56948
Begin MonoManager ReloadAssembly
Registering precompiled unity dll's ...
Register platform support module: C:/Program Files/Unity/Hub/Editor/2019.4.16f1/Editor/2021.3.18f1/Editor/Data/PlaybackEngines/AndroidPlayer/UnityEditor.Android.Extensions.dll
Register platform support module: C:/Program Files/Unity/Hub/Editor/2019.4.16f1/Editor/2021.3.18f1/Editor/Data/PlaybackEngines/WindowsStandaloneSupport/UnityEditor.WindowsStandalone.Extensions.dll
Registered in 0.005245 seconds.
Native extension for WindowsStandalone target not found
Native extension for Android target not found
Android Extension - Scanning For ADB Devices 555 ms
Refreshing native plugins compatible for Editor in 131.72 ms, found 8 plugins.
Preloading 1 native plugins for Editor in 0.09 ms.
Mono: successfully reloaded assembly
- Completed reload, in  1.300 seconds
Domain Reload Profiling:
	ReloadAssembly (1300ms)
		BeginReloadAssembly (73ms)
			ExecutionOrderSort (0ms)
			DisableScriptedObjects (0ms)
			BackupInstance (0ms)
			ReleaseScriptingObjects (0ms)
			CreateAndSetChildDomain (1ms)
		EndReloadAssembly (1124ms)
			LoadAssemblies (72ms)
			RebuildTransferFunctionScriptingTraits (0ms)
			SetupTypeCache (142ms)
			ReleaseScriptCaches (0ms)
			RebuildScriptCaches (28ms)
			SetupLoadedEditorAssemblies (905ms)
				LogAssemblyErrors (0ms)
				InitializePlatformSupportModulesInManaged (642ms)
				SetLoadedEditorAssemblies (0ms)
				RefreshPlugins (132ms)
				BeforeProcessingInitializeOnLoad (2ms)
				ProcessInitializeOnLoadAttributes (86ms)
				ProcessInitializeOnLoadMethodAttributes (44ms)
				AfterProcessingInitializeOnLoad (0ms)
				EditorAssembliesLoaded (0ms)
			ExecutionOrderSort2 (0ms)
			AwakeInstancesAfterBackupRestoration (0ms)
Platform modules already initialized, skipping
Registering precompiled user dll's ...
Registered in 0.005640 seconds.
Begin MonoManager ReloadAssembly
Native extension for WindowsStandalone target not found
Native extension for Android target not found
Refreshing native plugins compatible for Editor in 1.60 ms, found 8 plugins.
Preloading 1 native plugins for Editor in 0.11 ms.
Package Manager log level set to [2]
[XR] OculusXRPlugin: registering subsystems
[XR] Unable to register display lifecyle provider: [1]
[XR] Oculus Input lifecycle provider registered.
[XR] Unable to register input lifecyle provider: [1]
[XR] OVRP version 1.82.0
Mono: successfully reloaded assembly
- Completed reload, in  2.347 seconds
Domain Reload Profiling:
	ReloadAssembly (2348ms)
		BeginReloadAssembly (98ms)
			ExecutionOrderSort (0ms)
			DisableScriptedObjects (5ms)
			BackupInstance (0ms)
			ReleaseScriptingObjects (0ms)
			CreateAndSetChildDomain (19ms)
		EndReloadAssembly (2144ms)
			LoadAssemblies (83ms)
			RebuildTransferFunctionScriptingTraits (0ms)
			SetupTypeCache (274ms)
			ReleaseScriptCaches (1ms)
			RebuildScriptCaches (74ms)
			SetupLoadedEditorAssemblies (1660ms)
				LogAssemblyErrors (0ms)
				InitializePlatformSupportModulesInManaged (15ms)
				SetLoadedEditorAssemblies (0ms)
				RefreshPlugins (2ms)
				BeforeProcessingInitializeOnLoad (1162ms)
				ProcessInitializeOnLoadAttributes (455ms)
				ProcessInitializeOnLoadMethodAttributes (21ms)
				AfterProcessingInitializeOnLoad (5ms)
				EditorAssembliesLoaded (0ms)
			ExecutionOrderSort2 (0ms)
			AwakeInstancesAfterBackupRestoration (6ms)
Platform modules already initialized, skipping
========================================================================
Worker process is ready to serve import requests
Shader 'Oculus/OVRMRCameraFrameLit': fallback shader 'Alpha-Diffuse' not found
Launched and connected shader compiler UnityShaderCompiler.exe after 0.12 seconds
Refreshing native plugins compatible for Editor in 1.30 ms, found 8 plugins.
Preloading 1 native plugins for Editor in 0.07 ms.
Unloading 4819 Unused Serialized files (Serialized files now loaded: 0)
Unloading 69 unused Assets / (1.4 MB). Loaded Objects now: 5243.
Memory consumption went from 182.5 MB to 181.1 MB.
Total: 4.253100 ms (FindLiveObjects: 0.473500 ms CreateObjectMapping: 0.464100 ms MarkObjects: 2.837600 ms  DeleteObjects: 0.477000 ms)

AssetImportParameters requested are different than current active one (requested -> active):
  custom:video-decoder-ogg-theora: a1e56fd34408186e4bbccfd4996cb3dc -> 
  custom:container-muxer-webm: aa71ff27fc2769a1b78a27578f13a17b -> 
  custom:container-demuxer-webm: 4f35f7cbe854078d1ac9338744f61a02 -> 
  custom:video-encoder-webm-vp8: eb34c28f22e8b96e1ab97ce403110664 -> 
  custom:audio-encoder-webm-vorbis: bf7c407c2cedff20999df2af8eb42d56 -> 
  custom:framework-win-MediaFoundation: 216162199b28c13a410421893ffa2e32 -> 
  custom:container-demuxer-ogg: 62fdf1f143b41e24485cea50d1cbac27 -> 
  custom:video-decoder-webm-vp8: 9c59270c3fd7afecdb556c50c9e8de78 -> 
  custom:audio-decoder-ogg-vorbis: bf7c407c2cedff20999df2af8eb42d56 -> 
========================================================================
Received Import Request.
  Time since last request: 152202.881744 seconds.
  path: Assets/Apartment Assets/Apartment Kit/Common
  artifactKey: Guid(f258763b685e7924685dcc28219c17df) Importer(815301076,1909f56bfc062723c751e8b465ee728b)
Start importing Assets/Apartment Assets/Apartment Kit/Common using Guid(f258763b685e7924685dcc28219c17df) Importer(815301076,1909f56bfc062723c751e8b465ee728b)  -> (artifact id: 'd1e3c0875bb871cbb826bb3681b32af0') in 0.013560 seconds 
========================================================================
Received Import Request.
  Time since last request: 85.592373 seconds.
  path: Assets/Apartment Assets/Apartment Kit/Common/Materials/Interior Exterior/Int_Apt_01.mat
  artifactKey: Guid(e5edd18648b6fe340941b7f67c9a2996) Importer(815301076,1909f56bfc062723c751e8b465ee728b)
Start importing Assets/Apartment Assets/Apartment Kit/Common/Materials/Interior Exterior/Int_Apt_01.mat using Guid(e5edd18648b6fe340941b7f67c9a2996) Importer(815301076,1909f56bfc062723c751e8b465ee728b)  -> (artifact id: '0b5004c69f8377b68b48205ca03100ce') in 0.719012 seconds 
========================================================================
Received Import Request.
  Time since last request: 0.000032 seconds.
  path: Assets/Apartment Assets/Apartment Kit/Common/Materials/Interior Exterior/Int_Apt_03.mat
  artifactKey: Guid(8d06d0f3581549d4fb32fda8991db882) Importer(815301076,1909f56bfc062723c751e8b465ee728b)
Start importing Assets/Apartment Assets/Apartment Kit/Common/Materials/Interior Exterior/Int_Apt_03.mat using Guid(8d06d0f3581549d4fb32fda8991db882) Importer(815301076,1909f56bfc062723c751e8b465ee728b)  -> (artifact id: '833df36b5be5f506318725ca48d0b6ea') in 0.188168 seconds 
========================================================================
Received Import Request.
  Time since last request: 9.987907 seconds.
  path: Assets/Apartment Assets/_BPS Basic Assets/_Prefabs/Base Scene/BA_First Person Player.prefab
  artifactKey: Guid(a9b081014bad86f4a80b60284279d21b) Importer(815301076,1909f56bfc062723c751e8b465ee728b)
Start importing Assets/Apartment Assets/_BPS Basic Assets/_Prefabs/Base Scene/BA_First Person Player.prefab using Guid(a9b081014bad86f4a80b60284279d21b) Importer(815301076,1909f56bfc062723c751e8b465ee728b)  -> (artifact id: '6c2ef78c98a8842348a79b63a1f16436') in 0.490255 seconds 
========================================================================
Received Import Request.
  Time since last request: 15.257767 seconds.
  path: Assets/Apartment Assets/_BPS Basic Assets/_Prefabs/Basic Asset/Furniture_Props/BPS_Chair_01.prefab
  artifactKey: Guid(cd8fcc5431d7f7e46be3c7c12ed32513) Importer(815301076,1909f56bfc062723c751e8b465ee728b)
Start importing Assets/Apartment Assets/_BPS Basic Assets/_Prefabs/Basic Asset/Furniture_Props/BPS_Chair_01.prefab using Guid(cd8fcc5431d7f7e46be3c7c12ed32513) Importer(815301076,1909f56bfc062723c751e8b465ee728b)  -> (artifact id: '49392fbcd20cb56a0142ecf3ed404d44') in 0.047667 seconds 
========================================================================
Received Import Request.
  Time since last request: 0.000023 seconds.
  path: Assets/Apartment Assets/_BPS Basic Assets/_Prefabs/Basic Asset/Furniture_Props/BPS_Table_01.prefab
  artifactKey: Guid(3a3c0bbe58beeff4a8d63acd5a770137) Importer(815301076,1909f56bfc062723c751e8b465ee728b)
Start importing Assets/Apartment Assets/_BPS Basic Assets/_Prefabs/Basic Asset/Furniture_Props/BPS_Table_01.prefab using Guid(3a3c0bbe58beeff4a8d63acd5a770137) Importer(815301076,1909f56bfc062723c751e8b465ee728b)  -> (artifact id: '178a86ecef13998e99b20bcb99f937a6') in 0.023092 seconds 
========================================================================
Received Import Request.
  Time since last request: 4.046873 seconds.
  path: Assets/Apartment Assets/_BPS Basic Assets/_Prefabs/Basic Asset/BA Build Kit/Interior/Int_01/Int_BA_01_Filler_01.prefab
  artifactKey: Guid(e1d90d5681101f948bb7aee7a03944a1) Importer(815301076,1909f56bfc062723c751e8b465ee728b)
Start importing Assets/Apartment Assets/_BPS Basic Assets/_Prefabs/Basic Asset/BA Build Kit/Interior/Int_01/Int_BA_01_Filler_01.prefab using Guid(e1d90d5681101f948bb7aee7a03944a1) Importer(815301076,1909f56bfc062723c751e8b465ee728b)  -> (artifact id: '52c7db16cc9c93eefe1badc35aa4a31b') in 0.197653 seconds 
========================================================================
Received Import Request.
  Time since last request: 0.000030 seconds.
  path: Assets/Apartment Assets/_BPS Basic Assets/_Prefabs/Basic Asset/BA Build Kit/Interior/Int_01/Int_BA_01_Pillar_1x1.prefab
  artifactKey: Guid(736096cdbd0f7f34cb9e8fdc25987b1c) Importer(815301076,1909f56bfc062723c751e8b465ee728b)
Start importing Assets/Apartment Assets/_BPS Basic Assets/_Prefabs/Basic Asset/BA Build Kit/Interior/Int_01/Int_BA_01_Pillar_1x1.prefab using Guid(736096cdbd0f7f34cb9e8fdc25987b1c) Importer(815301076,1909f56bfc062723c751e8b465ee728b)  -> (artifact id: 'ffe68cbed021e3df26bbe47aa5ded0cb') in 0.019276 seconds 
========================================================================
Received Import Request.
  Time since last request: 2.697653 seconds.
  path: Assets/Apartment Assets/_BPS Basic Assets/_Prefabs/Basic Asset/BA Build Kit/Interior/Doors Frames/Int_BA_Frame_01.prefab
  artifactKey: Guid(b973231003cf93b4f8dd9837bafc50cb) Importer(815301076,1909f56bfc062723c751e8b465ee728b)
Start importing Assets/Apartment Assets/_BPS Basic Assets/_Prefabs/Basic Asset/BA Build Kit/Interior/Doors Frames/Int_BA_Frame_01.prefab using Guid(b973231003cf93b4f8dd9837bafc50cb) Importer(815301076,1909f56bfc062723c751e8b465ee728b)  -> (artifact id: 'e530165e84415a957adcc3d43a5dc33a') in 0.047591 seconds 
========================================================================
Received Import Request.
  Time since last request: 0.000023 seconds.
  path: Assets/Apartment Assets/_BPS Basic Assets/_Prefabs/Basic Asset/BA Build Kit/Interior/Doors Frames/Int_BA_Frame_02.prefab
  artifactKey: Guid(6b0fe008d0f2fd649ba26243e4ef0ee8) Importer(815301076,1909f56bfc062723c751e8b465ee728b)
Start importing Assets/Apartment Assets/_BPS Basic Assets/_Prefabs/Basic Asset/BA Build Kit/Interior/Doors Frames/Int_BA_Frame_02.prefab using Guid(6b0fe008d0f2fd649ba26243e4ef0ee8) Importer(815301076,1909f56bfc062723c751e8b465ee728b)  -> (artifact id: 'c6c0e8457f384c26d2b0dbe8572ef6b4') in 0.014386 seconds 
========================================================================
Received Import Request.
  Time since last request: 2.034959 seconds.
  path: Assets/Apartment Assets/_BPS Basic Assets/_Prefabs/Basic Asset/BA Build Kit/Interior/Int_02/Int_BA_02_Filler_02.prefab
  artifactKey: Guid(da76ff28749b4d54ab63d4533af0b4c3) Importer(815301076,1909f56bfc062723c751e8b465ee728b)
Start importing Assets/Apartment Assets/_BPS Basic Assets/_Prefabs/Basic Asset/BA Build Kit/Interior/Int_02/Int_BA_02_Filler_02.prefab using Guid(da76ff28749b4d54ab63d4533af0b4c3) Importer(815301076,1909f56bfc062723c751e8b465ee728b)  -> (artifact id: '412075304d03396ff3187cd5004bc78c') in 0.017154 seconds 
========================================================================
Received Import Request.
  Time since last request: 0.000018 seconds.
  path: Assets/Apartment Assets/_BPS Basic Assets/_Prefabs/Basic Asset/BA Build Kit/Interior/Int_02/Int_BA_02_Floor_01.prefab
  artifactKey: Guid(3d085e6f9521f33418df246d3b5f694f) Importer(815301076,1909f56bfc062723c751e8b465ee728b)
Start importing Assets/Apartment Assets/_BPS Basic Assets/_Prefabs/Basic Asset/BA Build Kit/Interior/Int_02/Int_BA_02_Floor_01.prefab using Guid(3d085e6f9521f33418df246d3b5f694f) Importer(815301076,1909f56bfc062723c751e8b465ee728b)  -> (artifact id: '6955adb764b7b217acae6207b80c0933') in 0.017527 seconds 
========================================================================
Received Import Request.
  Time since last request: 0.000027 seconds.
  path: Assets/Apartment Assets/_BPS Basic Assets/_Prefabs/Basic Asset/BA Build Kit/Interior/Int_02/Int_BA_02_Wall_01.prefab
  artifactKey: Guid(74787c4efc3c48d48ba66f7b4a32b975) Importer(815301076,1909f56bfc062723c751e8b465ee728b)
Start importing Assets/Apartment Assets/_BPS Basic Assets/_Prefabs/Basic Asset/BA Build Kit/Interior/Int_02/Int_BA_02_Wall_01.prefab using Guid(74787c4efc3c48d48ba66f7b4a32b975) Importer(815301076,1909f56bfc062723c751e8b465ee728b)  -> (artifact id: '5b2c11b702c61850ee0dba38ae1aaca8') in 0.019425 seconds 
========================================================================
Received Import Request.
  Time since last request: 0.000030 seconds.
  path: Assets/Apartment Assets/_BPS Basic Assets/_Prefabs/Basic Asset/BA Build Kit/Interior/Int_02/Int_BA_02_Wall_02.prefab
  artifactKey: Guid(e865b35190d61134389351f1fb9a589f) Importer(815301076,1909f56bfc062723c751e8b465ee728b)
Start importing Assets/Apartment Assets/_BPS Basic Assets/_Prefabs/Basic Asset/BA Build Kit/Interior/Int_02/Int_BA_02_Wall_02.prefab using Guid(e865b35190d61134389351f1fb9a589f) Importer(815301076,1909f56bfc062723c751e8b465ee728b)  -> (artifact id: '4d3da290d98febddd591e86f15c33f3d') in 0.018081 seconds 
========================================================================
Received Import Request.
  Time since last request: 0.000039 seconds.
  path: Assets/Apartment Assets/_BPS Basic Assets/_Prefabs/Basic Asset/BA Build Kit/Interior/Int_02/Int_BA_02_Wall_03.prefab
  artifactKey: Guid(b5ea4c1fc5a7a044c8b2c38bf36cffe9) Importer(815301076,1909f56bfc062723c751e8b465ee728b)
Start importing Assets/Apartment Assets/_BPS Basic Assets/_Prefabs/Basic Asset/BA Build Kit/Interior/Int_02/Int_BA_02_Wall_03.prefab using Guid(b5ea4c1fc5a7a044c8b2c38bf36cffe9) Importer(815301076,1909f56bfc062723c751e8b465ee728b)  -> (artifact id: 'efb70abdd2eb4ae4ac99227dfaa9a43b') in 0.020483 seconds 
========================================================================
Received Import Request.
  Time since last request: 8.441427 seconds.
  path: Assets/Apartment Assets/_BPS Basic Assets/_Prefabs/Fire/Torch Flame.prefab
  artifactKey: Guid(65b0d7b3c17d2854f87e4c8416f798fb) Importer(815301076,1909f56bfc062723c751e8b465ee728b)
Start importing Assets/Apartment Assets/_BPS Basic Assets/_Prefabs/Fire/Torch Flame.prefab using Guid(65b0d7b3c17d2854f87e4c8416f798fb) Importer(815301076,1909f56bfc062723c751e8b465ee728b)  -> (artifact id: '3350011666f5bc360620cbdfb528637e') in 0.063446 seconds 
========================================================================
Received Prepare
Registering precompiled user dll's ...
Registered in 0.005254 seconds.
Begin MonoManager ReloadAssembly
Native extension for WindowsStandalone target not found
Native extension for Android target not found
Refreshing native plugins compatible for Editor in 1.52 ms, found 8 plugins.
Preloading 1 native plugins for Editor in 0.11 ms.
[Package Manager] Server::EnsureServerProcessIsRunning -- launch failed, reason: Unity was launched with the -noUpm command-line argument
[Package Manager] Cannot connect to Unity Package Manager local server
[Package Manager] Server::EnsureServerProcessIsRunning -- launch failed, reason: Unity was launched with the -noUpm command-line argument
[Package Manager] Cannot connect to Unity Package Manager local server
[Package Manager] Server::EnsureServerProcessIsRunning -- launch failed, reason: Unity was launched with the -noUpm command-line argument
[Package Manager] Cannot connect to Unity Package Manager local server
[Package Manager] Server::EnsureServerProcessIsRunning -- launch failed, reason: Unity was launched with the -noUpm command-line argument
[Package Manager] Cannot connect to Unity Package Manager local server
Mono: successfully reloaded assembly
- Completed reload, in  1.017 seconds
Domain Reload Profiling:
	ReloadAssembly (1018ms)
		BeginReloadAssembly (126ms)
			ExecutionOrderSort (0ms)
			DisableScriptedObjects (3ms)
			BackupInstance (0ms)
			ReleaseScriptingObjects (0ms)
			CreateAndSetChildDomain (40ms)
		EndReloadAssembly (799ms)
			LoadAssemblies (85ms)
			RebuildTransferFunctionScriptingTraits (0ms)
			SetupTypeCache (261ms)
			ReleaseScriptCaches (2ms)
			RebuildScriptCaches (41ms)
			SetupLoadedEditorAssemblies (352ms)
				LogAssemblyErrors (0ms)
				InitializePlatformSupportModulesInManaged (22ms)
				SetLoadedEditorAssemblies (0ms)
				RefreshPlugins (2ms)
				BeforeProcessingInitializeOnLoad (72ms)
				ProcessInitializeOnLoadAttributes (230ms)
				ProcessInitializeOnLoadMethodAttributes (20ms)
				AfterProcessingInitializeOnLoad (6ms)
				EditorAssembliesLoaded (0ms)
			ExecutionOrderSort2 (0ms)
			AwakeInstancesAfterBackupRestoration (6ms)
Platform modules already initialized, skipping
Shader 'Oculus/OVRMRCameraFrameLit': fallback shader 'Alpha-Diffuse' not found
Refreshing native plugins compatible for Editor in 5.37 ms, found 8 plugins.
Preloading 1 native plugins for Editor in 0.05 ms.
Unloading 4702 Unused Serialized files (Serialized files now loaded: 0)
Unloading 62 unused Assets / (1.4 MB). Loaded Objects now: 5294.
Memory consumption went from 176.6 MB to 175.2 MB.
Total: 4.023500 ms (FindLiveObjects: 0.641000 ms CreateObjectMapping: 0.156400 ms MarkObjects: 2.759200 ms  DeleteObjects: 0.466000 ms)

AssetImportParameters requested are different than current active one (requested -> active):
  custom:video-decoder-ogg-theora: a1e56fd34408186e4bbccfd4996cb3dc -> 
  custom:container-muxer-webm: aa71ff27fc2769a1b78a27578f13a17b -> 
  custom:container-demuxer-webm: 4f35f7cbe854078d1ac9338744f61a02 -> 
  custom:video-encoder-webm-vp8: eb34c28f22e8b96e1ab97ce403110664 -> 
  custom:audio-encoder-webm-vorbis: bf7c407c2cedff20999df2af8eb42d56 -> 
  custom:framework-win-MediaFoundation: 216162199b28c13a410421893ffa2e32 -> 
  custom:container-demuxer-ogg: 62fdf1f143b41e24485cea50d1cbac27 -> 
  custom:video-decoder-webm-vp8: 9c59270c3fd7afecdb556c50c9e8de78 -> 
  custom:audio-decoder-ogg-vorbis: bf7c407c2cedff20999df2af8eb42d56 -> 
========================================================================
Received Import Request.
  Time since last request: 1117.837962 seconds.
  path: Assets/studio apartment/demo/Lightmap-0_comp_light.exr
  artifactKey: Guid(e2d5f10bd0c000245b51549ace0b14c6) Importer(815301076,1909f56bfc062723c751e8b465ee728b)
Start importing Assets/studio apartment/demo/Lightmap-0_comp_light.exr using Guid(e2d5f10bd0c000245b51549ace0b14c6) Importer(815301076,1909f56bfc062723c751e8b465ee728b)  -> (artifact id: 'ab8846426ff70ed6416907b5ae10f08b') in 0.104330 seconds 
========================================================================
Received Import Request.
  Time since last request: 0.000025 seconds.
  path: Assets/studio apartment/demo/ReflectionProbe-0.exr
  artifactKey: Guid(95e4affd87c8dbc4abee1fe92dd50660) Importer(815301076,1909f56bfc062723c751e8b465ee728b)
Start importing Assets/studio apartment/demo/ReflectionProbe-0.exr using Guid(95e4affd87c8dbc4abee1fe92dd50660) Importer(815301076,1909f56bfc062723c751e8b465ee728b)  -> (artifact id: '48bce0272fa129354213298930ed36bf') in 0.046449 seconds 
========================================================================
Received Import Request.
  Time since last request: 36.869158 seconds.
  path: Assets/studio apartment/prefabs/black shelf .prefab
  artifactKey: Guid(812864d38027af94983794d40f48a5a1) Importer(815301076,1909f56bfc062723c751e8b465ee728b)
Start importing Assets/studio apartment/prefabs/black shelf .prefab using Guid(812864d38027af94983794d40f48a5a1) Importer(815301076,1909f56bfc062723c751e8b465ee728b)  -> (artifact id: 'd47303d70244f76d0ab193dc2d0ec1bd') in 0.264644 seconds 
========================================================================
Received Import Request.
  Time since last request: 0.000029 seconds.
  path: Assets/studio apartment/prefabs/blinds down.prefab
  artifactKey: Guid(bc73256a8441894428dc460a4e63c740) Importer(815301076,1909f56bfc062723c751e8b465ee728b)
Start importing Assets/studio apartment/prefabs/blinds down.prefab using Guid(bc73256a8441894428dc460a4e63c740) Importer(815301076,1909f56bfc062723c751e8b465ee728b)  -> (artifact id: '99f5b0d7d6a11d1dfb7b31f748ac89c0') in 0.015778 seconds 
========================================================================
Received Import Request.
  Time since last request: 0.000068 seconds.
  path: Assets/studio apartment/prefabs/tv cabinet.prefab
  artifactKey: Guid(a5b0a3eb5bf6ab5429a972325ca85d4c) Importer(815301076,1909f56bfc062723c751e8b465ee728b)
Start importing Assets/studio apartment/prefabs/tv cabinet.prefab using Guid(a5b0a3eb5bf6ab5429a972325ca85d4c) Importer(815301076,1909f56bfc062723c751e8b465ee728b)  -> (artifact id: '6e0c8d39038abcf7722d0034290aa300') in 0.015876 seconds 
========================================================================
Received Import Request.
  Time since last request: 0.000022 seconds.
  path: Assets/studio apartment/prefabs/table.prefab
  artifactKey: Guid(9d13f6b6c7aeefd4b9b031829476a8d8) Importer(815301076,1909f56bfc062723c751e8b465ee728b)
Start importing Assets/studio apartment/prefabs/table.prefab using Guid(9d13f6b6c7aeefd4b9b031829476a8d8) Importer(815301076,1909f56bfc062723c751e8b465ee728b)  -> (artifact id: 'e2992096095d1851a0ee65a6dee38447') in 0.018205 seconds 
========================================================================
Received Import Request.
  Time since last request: 0.000030 seconds.
  path: Assets/studio apartment/prefabs/gray throw pillow.prefab
  artifactKey: Guid(8bab70c36d5506d45a32e8fe8fd9d05b) Importer(815301076,1909f56bfc062723c751e8b465ee728b)
Start importing Assets/studio apartment/prefabs/gray throw pillow.prefab using Guid(8bab70c36d5506d45a32e8fe8fd9d05b) Importer(815301076,1909f56bfc062723c751e8b465ee728b)  -> (artifact id: '4661eb855783ca0eee0a296c62a129d0') in 0.018177 seconds 
========================================================================
Received Import Request.
  Time since last request: 0.000024 seconds.
  path: Assets/studio apartment/prefabs/rug .prefab
  artifactKey: Guid(575de49403ae5a64ca3ce311154197ed) Importer(815301076,1909f56bfc062723c751e8b465ee728b)
Start importing Assets/studio apartment/prefabs/rug .prefab using Guid(575de49403ae5a64ca3ce311154197ed) Importer(815301076,1909f56bfc062723c751e8b465ee728b)  -> (artifact id: 'f6e2661b40c1a194f1317c0e7d123d6f') in 0.014180 seconds 
========================================================================
Received Import Request.
  Time since last request: 0.000027 seconds.
  path: Assets/studio apartment/prefabs/pendant light.prefab
  artifactKey: Guid(6ac48348639123b4d9a7e614e5501f52) Importer(815301076,1909f56bfc062723c751e8b465ee728b)
Start importing Assets/studio apartment/prefabs/pendant light.prefab using Guid(6ac48348639123b4d9a7e614e5501f52) Importer(815301076,1909f56bfc062723c751e8b465ee728b)  -> (artifact id: '9b623dd091a148e80d892a3592cb516d') in 0.118541 seconds 
========================================================================
Received Import Request.
  Time since last request: 0.000025 seconds.
  path: Assets/studio apartment/prefabs/kichen cabinet sink.prefab
  artifactKey: Guid(cefdd512c06bdfc42a40c338a4bc25a3) Importer(815301076,1909f56bfc062723c751e8b465ee728b)
Start importing Assets/studio apartment/prefabs/kichen cabinet sink.prefab using Guid(cefdd512c06bdfc42a40c338a4bc25a3) Importer(815301076,1909f56bfc062723c751e8b465ee728b)  -> (artifact id: '567ec8d3db5cf46f0bf0c61932817cbe') in 0.014943 seconds 
========================================================================
Received Import Request.
  Time since last request: 0.000043 seconds.
  path: Assets/studio apartment/prefabs/ottoman.prefab
  artifactKey: Guid(d5fb6671a0b8cfb4da3eb0f209728672) Importer(815301076,1909f56bfc062723c751e8b465ee728b)
Start importing Assets/studio apartment/prefabs/ottoman.prefab using Guid(d5fb6671a0b8cfb4da3eb0f209728672) Importer(815301076,1909f56bfc062723c751e8b465ee728b)  -> (artifact id: 'aad2904220ba7d32d0746da5cea809a1') in 0.013786 seconds 
========================================================================
Received Import Request.
  Time since last request: 49.445661 seconds.
  path: Assets/Apartment Assets/Apartment Kit/Common/Models/Lamp 02.fbx
  artifactKey: Guid(e501afb3ed5c60243ac1515b7ca1e2be) Importer(815301076,1909f56bfc062723c751e8b465ee728b)
Start importing Assets/Apartment Assets/Apartment Kit/Common/Models/Lamp 02.fbx using Guid(e501afb3ed5c60243ac1515b7ca1e2be) Importer(815301076,1909f56bfc062723c751e8b465ee728b)  -> (artifact id: 'b759143343c8773cd454cf67ca396039') in 0.268126 seconds 
========================================================================
Received Import Request.
  Time since last request: 0.000028 seconds.
  path: Assets/Oculus/Interaction/Samples/Objects/Environment/Room/Models/SmallRoom.fbx
  artifactKey: Guid(78906942dba6db24ca155679a45f60ef) Importer(815301076,1909f56bfc062723c751e8b465ee728b)
Start importing Assets/Oculus/Interaction/Samples/Objects/Environment/Room/Models/SmallRoom.fbx using Guid(78906942dba6db24ca155679a45f60ef) Importer(815301076,1909f56bfc062723c751e8b465ee728b)  -> (artifact id: 'a0c4f487908e44d08026a51980b4a98b') in 0.189528 seconds 
========================================================================
Received Import Request.
  Time since last request: 0.000051 seconds.
  path: Assets/Oculus/Interaction/Samples/Objects/Props/Box/Models/Box.fbx
  artifactKey: Guid(2711a10ba6518d34cb77d80f3125f3c1) Importer(815301076,1909f56bfc062723c751e8b465ee728b)
Start importing Assets/Oculus/Interaction/Samples/Objects/Props/Box/Models/Box.fbx using Guid(2711a10ba6518d34cb77d80f3125f3c1) Importer(815301076,1909f56bfc062723c751e8b465ee728b)  -> (artifact id: '9cc82ee292a79f6f52aa66e3c0844836') in 0.048319 seconds 
========================================================================
Received Import Request.
  Time since last request: 0.000028 seconds.
  path: Assets/Apartment Assets/Apartment Kit/Common/Models/Modular Wall Cabinet.fbx
  artifactKey: Guid(5a1710e01a2c88242a4499f68198d1f7) Importer(815301076,1909f56bfc062723c751e8b465ee728b)
Start importing Assets/Apartment Assets/Apartment Kit/Common/Models/Modular Wall Cabinet.fbx using Guid(5a1710e01a2c88242a4499f68198d1f7) Importer(815301076,1909f56bfc062723c751e8b465ee728b)  -> (artifact id: '596de6301ed434c2aeb7ff5025be1a05') in 0.099560 seconds 
========================================================================
Received Import Request.
  Time since last request: 0.000023 seconds.
  path: Assets/Apartment Assets/_BPS Basic Assets/Common/Models/BPS_RR.fbx
  artifactKey: Guid(37d1da0067b60bd4282c0eaee639654e) Importer(815301076,1909f56bfc062723c751e8b465ee728b)
Start importing Assets/Apartment Assets/_BPS Basic Assets/Common/Models/BPS_RR.fbx using Guid(37d1da0067b60bd4282c0eaee639654e) Importer(815301076,1909f56bfc062723c751e8b465ee728b)  -> (artifact id: 'd5a16e6f858dd3aac78fff36f27833e0') in 0.294420 seconds 
========================================================================
Received Import Request.
  Time since last request: 0.000024 seconds.
  path: Assets/Oculus/Interaction/Samples/Objects/Props/StonePolyhedra/Models/StonePolyhedra.fbx
  artifactKey: Guid(5357df73468672d4794f1197cecf8193) Importer(815301076,1909f56bfc062723c751e8b465ee728b)
Start importing Assets/Oculus/Interaction/Samples/Objects/Props/StonePolyhedra/Models/StonePolyhedra.fbx using Guid(5357df73468672d4794f1197cecf8193) Importer(815301076,1909f56bfc062723c751e8b465ee728b)  -> (artifact id: '32fd64c721955fa9bdbfd55579e1e625') in 0.063589 seconds 
========================================================================
Received Import Request.
  Time since last request: 0.000041 seconds.
  path: Assets/Apartment Assets/Apartment Kit/Common/Models/Corner Wall Cabinet.fbx
  artifactKey: Guid(5a3b2c9f5dcc95944b5769d838a747e6) Importer(815301076,1909f56bfc062723c751e8b465ee728b)
Start importing Assets/Apartment Assets/Apartment Kit/Common/Models/Corner Wall Cabinet.fbx using Guid(5a3b2c9f5dcc95944b5769d838a747e6) Importer(815301076,1909f56bfc062723c751e8b465ee728b)  -> (artifact id: '2ccc2971bba754f30faedb02e292223b') in 0.097994 seconds 
========================================================================
Received Import Request.
  Time since last request: 0.000034 seconds.
  path: Assets/Apartment Assets/Apartment Kit/Common/Models/Apt_Props_01.fbx
  artifactKey: Guid(34e386a75bb8feb4aa0f48b512cbb268) Importer(815301076,1909f56bfc062723c751e8b465ee728b)
Start importing Assets/Apartment Assets/Apartment Kit/Common/Models/Apt_Props_01.fbx using Guid(34e386a75bb8feb4aa0f48b512cbb268) Importer(815301076,1909f56bfc062723c751e8b465ee728b)  -> (artifact id: '385e177e3cec3b0d8904bde7afd98ab8') in 0.442113 seconds 
========================================================================
Received Import Request.
  Time since last request: 99.701422 seconds.
  path: Assets/Scenes
  artifactKey: Guid(6ea315d0fd7389c41b19996891e99ae3) Importer(815301076,1909f56bfc062723c751e8b465ee728b)
Start importing Assets/Scenes using Guid(6ea315d0fd7389c41b19996891e99ae3) Importer(815301076,1909f56bfc062723c751e8b465ee728b)  -> (artifact id: 'b8193726cff86800c54781cdc6d54904') in 0.006554 seconds 
========================================================================
Received Import Request.
  Time since last request: 0.994920 seconds.
  path: Assets/Scenes/SampleScene.unity
  artifactKey: Guid(9fc0d4010bbf28b4594072e72b8655ab) Importer(815301076,1909f56bfc062723c751e8b465ee728b)
Start importing Assets/Scenes/SampleScene.unity using Guid(9fc0d4010bbf28b4594072e72b8655ab) Importer(815301076,1909f56bfc062723c751e8b465ee728b)  -> (artifact id: 'e55ccaa32d8e5c1de03c07a5412c8c3c') in 0.006487 seconds 
========================================================================
Received Import Request.
  Time since last request: 1.926889 seconds.
  path: Assets/Oculus/OculusProjectConfig.asset
  artifactKey: Guid(e94a179a2a4b33e4bbf58c6c97172b5c) Importer(815301076,1909f56bfc062723c751e8b465ee728b)
Start importing Assets/Oculus/OculusProjectConfig.asset using Guid(e94a179a2a4b33e4bbf58c6c97172b5c) Importer(815301076,1909f56bfc062723c751e8b465ee728b)  -> (artifact id: 'f3c370de80192a05466d68da7ee48c2b') in 0.009715 seconds 
========================================================================
Received Import Request.
  Time since last request: 3.159526 seconds.
  path: Assets/Apartment Assets/Apartment Kit/Common/Models
  artifactKey: Guid(0e1a7a4954a0e0d47b38ada5fb16bf04) Importer(815301076,1909f56bfc062723c751e8b465ee728b)
Start importing Assets/Apartment Assets/Apartment Kit/Common/Models using Guid(0e1a7a4954a0e0d47b38ada5fb16bf04) Importer(815301076,1909f56bfc062723c751e8b465ee728b)  -> (artifact id: 'fe54e6d090b47675bc3973b77f896451') in 0.006223 seconds 
========================================================================
Received Import Request.
  Time since last request: 0.101765 seconds.
  path: Assets/Apartment Assets/Apartment Kit/Common/Models/Apt_Kit_01.fbx
  artifactKey: Guid(cd0bf29c9c9af6f4098b74076d25f0cd) Importer(815301076,1909f56bfc062723c751e8b465ee728b)
Start importing Assets/Apartment Assets/Apartment Kit/Common/Models/Apt_Kit_01.fbx using Guid(cd0bf29c9c9af6f4098b74076d25f0cd) Importer(815301076,1909f56bfc062723c751e8b465ee728b)  -> (artifact id: 'dc48baacc569754af12b3cfb5176376a') in 0.120007 seconds 
========================================================================
Received Import Request.
  Time since last request: 0.000025 seconds.
  path: Assets/Apartment Assets/Apartment Kit/Common/Models/wine thin glass W Liquid.fbx
  artifactKey: Guid(28ca9505d52f64b408920ffcf4831bc0) Importer(815301076,1909f56bfc062723c751e8b465ee728b)
Start importing Assets/Apartment Assets/Apartment Kit/Common/Models/wine thin glass W Liquid.fbx using Guid(28ca9505d52f64b408920ffcf4831bc0) Importer(815301076,1909f56bfc062723c751e8b465ee728b)  -> (artifact id: '4156b9388faded075f923174917ebac1') in 0.026924 seconds 
========================================================================
Received Import Request.
  Time since last request: 0.000032 seconds.
  path: Assets/Apartment Assets/Apartment Kit/Common/Models/Vase.fbx
  artifactKey: Guid(2b4a2d31e35c5ce4cacda7ea46d6d187) Importer(815301076,1909f56bfc062723c751e8b465ee728b)
Start importing Assets/Apartment Assets/Apartment Kit/Common/Models/Vase.fbx using Guid(2b4a2d31e35c5ce4cacda7ea46d6d187) Importer(815301076,1909f56bfc062723c751e8b465ee728b)  -> (artifact id: '41ffb238288c2fbc890501b863f89467') in 0.143522 seconds 
========================================================================
Received Import Request.
  Time since last request: 0.000024 seconds.
  path: Assets/Apartment Assets/Apartment Kit/Common/Models/Apt_Rail.fbx
  artifactKey: Guid(7c69e40725f2d1a4687ecf3e80b2dfac) Importer(815301076,1909f56bfc062723c751e8b465ee728b)
Start importing Assets/Apartment Assets/Apartment Kit/Common/Models/Apt_Rail.fbx using Guid(7c69e40725f2d1a4687ecf3e80b2dfac) Importer(815301076,1909f56bfc062723c751e8b465ee728b)  -> (artifact id: '6f47808f46e4b3dabb644435bb508b2a') in 0.031311 seconds 
========================================================================
Received Import Request.
  Time since last request: 0.000028 seconds.
  path: Assets/Apartment Assets/Apartment Kit/Common/Models/wine thin glass.fbx
  artifactKey: Guid(09cb81f6ddeeb3046979371d041373b5) Importer(815301076,1909f56bfc062723c751e8b465ee728b)
Start importing Assets/Apartment Assets/Apartment Kit/Common/Models/wine thin glass.fbx using Guid(09cb81f6ddeeb3046979371d041373b5) Importer(815301076,1909f56bfc062723c751e8b465ee728b)  -> (artifact id: 'e6e55939acce6651bf7dcf4a2e161fec') in 0.020217 seconds 
========================================================================
Received Import Request.
  Time since last request: 0.000023 seconds.
  path: Assets/Apartment Assets/Apartment Kit/Common/Models/Bathroom_apt_02.fbx
  artifactKey: Guid(e9aeceee86b8ae7408c09bcee860a520) Importer(815301076,1909f56bfc062723c751e8b465ee728b)
Start importing Assets/Apartment Assets/Apartment Kit/Common/Models/Bathroom_apt_02.fbx using Guid(e9aeceee86b8ae7408c09bcee860a520) Importer(815301076,1909f56bfc062723c751e8b465ee728b)  -> (artifact id: '665b2dd6a93be2cda3a661f65c9c00b1') in 0.036164 seconds 
========================================================================
Received Import Request.
  Time since last request: 0.000032 seconds.
  path: Assets/Apartment Assets/Apartment Kit/Common/Models/Bathroom_Corner_Tiles.fbx
  artifactKey: Guid(d265ac661f1c8d64386d043a4b4b8f9c) Importer(815301076,1909f56bfc062723c751e8b465ee728b)
Start importing Assets/Apartment Assets/Apartment Kit/Common/Models/Bathroom_Corner_Tiles.fbx using Guid(d265ac661f1c8d64386d043a4b4b8f9c) Importer(815301076,1909f56bfc062723c751e8b465ee728b)  -> (artifact id: 'e5c6b0b8776af1ee8d3ec791682e1658') in 0.029364 seconds 
========================================================================
Received Import Request.
  Time since last request: 12.827792 seconds.
  path: Assets/Apartment Assets/_BPS Basic Assets/_Prefabs/Basic Asset/BA Build Kit/IntExt/IntExt_BA_GlassFrame_02.prefab
  artifactKey: Guid(8e3b94d51cc83074abb1a25bf3535c60) Importer(815301076,1909f56bfc062723c751e8b465ee728b)
Start importing Assets/Apartment Assets/_BPS Basic Assets/_Prefabs/Basic Asset/BA Build Kit/IntExt/IntExt_BA_GlassFrame_02.prefab using Guid(8e3b94d51cc83074abb1a25bf3535c60) Importer(815301076,1909f56bfc062723c751e8b465ee728b)  -> (artifact id: 'e18871ed552e7819663510b2eed58415') in 0.922449 seconds 
Editor requested this worker to shutdown with reason: Scaling down because of idle timeout
AssetImportWorker is now disconnected from the server
Process exiting
Exiting without the bug reporter. Application will terminate with return code 0